Analysis & Synthesis report for experiment1
Tue Sep 22 15:10:45 2020
Quartus Prime Version 19.1.0 Build 670 09/22/2019 SJ Lite Edition


---------------------
; Table of Contents ;
---------------------
  1. Legal Notice
  2. Analysis & Synthesis Summary
  3. Analysis & Synthesis Settings
  4. Parallel Compilation
  5. Analysis & Synthesis Source Files Read
  6. Analysis & Synthesis Resource Usage Summary
  7. Analysis & Synthesis Resource Utilization by Entity
  8. Registers Removed During Synthesis
  9. General Register Statistics
 10. Inverted Register Statistics
 11. Multiplexer Restructuring Statistics (Restructuring Performed)
 12. Parameter Settings for User Entity Instance: Top-level Entity: |experiment1
 13. Port Connectivity Checks: "convert_hex_to_seven_segment:unit1"
 14. Post-Synthesis Netlist Statistics for Top Partition
 15. Elapsed Time Per Partition
 16. Analysis & Synthesis Messages



----------------
; Legal Notice ;
----------------
Copyright (C) 2019  Intel Corporation. All rights reserved.
Your use of Intel Corporation's design tools, logic functions 
and other software and tools, and any partner logic 
functions, and any output files from any of the foregoing 
(including device programming or simulation files), and any 
associated documentation or information are expressly subject 
to the terms and conditions of the Intel Program License 
Subscription Agreement, the Intel Quartus Prime License Agreement,
the Intel FPGA IP License Agreement, or other applicable license
agreement, including, without limitation, that your use is for
the sole purpose of programming logic devices manufactured by
Intel and sold by Intel or its authorized distributors.  Please
refer to the applicable agreement for further details, at
https://fpgasoftware.intel.com/eula.



+----------------------------------------------------------------------------------+
; Analysis & Synthesis Summary                                                     ;
+------------------------------------+---------------------------------------------+
; Analysis & Synthesis Status        ; Successful - Tue Sep 22 15:10:45 2020       ;
; Quartus Prime Version              ; 19.1.0 Build 670 09/22/2019 SJ Lite Edition ;
; Revision Name                      ; experiment1                                 ;
; Top-level Entity Name              ; experiment1                                 ;
; Family                             ; Cyclone IV E                                ;
; Total logic elements               ; 107                                         ;
;     Total combinational functions  ; 66                                          ;
;     Dedicated logic registers      ; 69                                          ;
; Total registers                    ; 69                                          ;
; Total pins                         ; 88                                          ;
; Total virtual pins                 ; 0                                           ;
; Total memory bits                  ; 0                                           ;
; Embedded Multiplier 9-bit elements ; 0                                           ;
; Total PLLs                         ; 0                                           ;
+------------------------------------+---------------------------------------------+


+------------------------------------------------------------------------------------------------------------+
; Analysis & Synthesis Settings                                                                              ;
+------------------------------------------------------------------+--------------------+--------------------+
; Option                                                           ; Setting            ; Default Value      ;
+------------------------------------------------------------------+--------------------+--------------------+
; Device                                                           ; EP4CE115F29C7      ;                    ;
; Top-level entity name                                            ; experiment1        ; experiment1        ;
; Family name                                                      ; Cyclone IV E       ; Cyclone V          ;
; Maximum processors allowed for parallel compilation              ; All                ;                    ;
; Verilog Show LMF Mapping Messages                                ; Off                ;                    ;
; Verilog Version                                                  ; SystemVerilog_2005 ; Verilog_2001       ;
; Use smart compilation                                            ; Off                ; Off                ;
; Enable parallel Assembler and Timing Analyzer during compilation ; On                 ; On                 ;
; Enable compact report table                                      ; Off                ; Off                ;
; Restructure Multiplexers                                         ; Auto               ; Auto               ;
; Create Debugging Nodes for IP Cores                              ; Off                ; Off                ;
; Preserve fewer node names                                        ; On                 ; On                 ;
; Intel FPGA IP Evaluation Mode                                    ; Enable             ; Enable             ;
; VHDL Version                                                     ; VHDL_1993          ; VHDL_1993          ;
; State Machine Processing                                         ; Auto               ; Auto               ;
; Safe State Machine                                               ; Off                ; Off                ;
; Extract Verilog State Machines                                   ; On                 ; On                 ;
; Extract VHDL State Machines                                      ; On                 ; On                 ;
; Ignore Verilog initial constructs                                ; Off                ; Off                ;
; Iteration limit for constant Verilog loops                       ; 5000               ; 5000               ;
; Iteration limit for non-constant Verilog loops                   ; 250                ; 250                ;
; Add Pass-Through Logic to Inferred RAMs                          ; On                 ; On                 ;
; Infer RAMs from Raw Logic                                        ; On                 ; On                 ;
; Parallel Synthesis                                               ; On                 ; On                 ;
; DSP Block Balancing                                              ; Auto               ; Auto               ;
; NOT Gate Push-Back                                               ; On                 ; On                 ;
; Power-Up Don't Care                                              ; On                 ; On                 ;
; Remove Redundant Logic Cells                                     ; Off                ; Off                ;
; Remove Duplicate Registers                                       ; On                 ; On                 ;
; Ignore CARRY Buffers                                             ; Off                ; Off                ;
; Ignore CASCADE Buffers                                           ; Off                ; Off                ;
; Ignore GLOBAL Buffers                                            ; Off                ; Off                ;
; Ignore ROW GLOBAL Buffers                                        ; Off                ; Off                ;
; Ignore LCELL Buffers                                             ; Off                ; Off                ;
; Ignore SOFT Buffers                                              ; On                 ; On                 ;
; Limit AHDL Integers to 32 Bits                                   ; Off                ; Off                ;
; Optimization Technique                                           ; Balanced           ; Balanced           ;
; Carry Chain Length                                               ; 70                 ; 70                 ;
; Auto Carry Chains                                                ; On                 ; On                 ;
; Auto Open-Drain Pins                                             ; On                 ; On                 ;
; Perform WYSIWYG Primitive Resynthesis                            ; Off                ; Off                ;
; Auto ROM Replacement                                             ; On                 ; On                 ;
; Auto RAM Replacement                                             ; On                 ; On                 ;
; Auto DSP Block Replacement                                       ; On                 ; On                 ;
; Auto Shift Register Replacement                                  ; Auto               ; Auto               ;
; Allow Shift Register Merging across Hierarchies                  ; Auto               ; Auto               ;
; Auto Clock Enable Replacement                                    ; On                 ; On                 ;
; Strict RAM Replacement                                           ; Off                ; Off                ;
; Allow Synchronous Control Signals                                ; On                 ; On                 ;
; Force Use of Synchronous Clear Signals                           ; Off                ; Off                ;
; Auto RAM Block Balancing                                         ; On                 ; On                 ;
; Auto RAM to Logic Cell Conversion                                ; Off                ; Off                ;
; Auto Resource Sharing                                            ; Off                ; Off                ;
; Allow Any RAM Size For Recognition                               ; Off                ; Off                ;
; Allow Any ROM Size For Recognition                               ; Off                ; Off                ;
; Allow Any Shift Register Size For Recognition                    ; Off                ; Off                ;
; Use LogicLock Constraints during Resource Balancing              ; On                 ; On                 ;
; Ignore translate_off and synthesis_off directives                ; Off                ; Off                ;
; Timing-Driven Synthesis                                          ; On                 ; On                 ;
; Report Parameter Settings                                        ; On                 ; On                 ;
; Report Source Assignments                                        ; On                 ; On                 ;
; Report Connectivity Checks                                       ; On                 ; On                 ;
; Ignore Maximum Fan-Out Assignments                               ; Off                ; Off                ;
; Synchronization Register Chain Length                            ; 2                  ; 2                  ;
; Power Optimization During Synthesis                              ; Normal compilation ; Normal compilation ;
; HDL message level                                                ; Level2             ; Level2             ;
; Suppress Register Optimization Related Messages                  ; Off                ; Off                ;
; Number of Removed Registers Reported in Synthesis Report         ; 5000               ; 5000               ;
; Number of Swept Nodes Reported in Synthesis Report               ; 5000               ; 5000               ;
; Number of Inverted Registers Reported in Synthesis Report        ; 100                ; 100                ;
; Clock MUX Protection                                             ; On                 ; On                 ;
; Auto Gated Clock Conversion                                      ; Off                ; Off                ;
; Block Design Naming                                              ; Auto               ; Auto               ;
; SDC constraint protection                                        ; Off                ; Off                ;
; Synthesis Effort                                                 ; Auto               ; Auto               ;
; Shift Register Replacement - Allow Asynchronous Clear Signal     ; On                 ; On                 ;
; Pre-Mapping Resynthesis Optimization                             ; Off                ; Off                ;
; Analysis & Synthesis Message Level                               ; Medium             ; Medium             ;
; Disable Register Merging Across Hierarchies                      ; Auto               ; Auto               ;
; Resource Aware Inference For Block RAM                           ; On                 ; On                 ;
+------------------------------------------------------------------+--------------------+--------------------+


+------------------------------------------+
; Parallel Compilation                     ;
+----------------------------+-------------+
; Processors                 ; Number      ;
+----------------------------+-------------+
; Number detected on machine ; 8           ;
; Maximum allowed            ; 4           ;
;                            ;             ;
; Average used               ; 1.00        ;
; Maximum used               ; 4           ;
;                            ;             ;
; Usage by Processor         ; % Time Used ;
;     Processor 1            ; 100.0%      ;
;     Processor 2            ;   0.0%      ;
;     Processors 3-4         ;   0.0%      ;
+----------------------------+-------------+


+----------------------------------------------------------------------------------------------------------------------------------------------------------------------------------------------------------------+
; Analysis & Synthesis Source Files Read                                                                                                                                                                         ;
+----------------------------------------+-----------------+------------------------------+------------------------------------------------------------------------------------------------------------+---------+
; File Name with User-Entered Path       ; Used in Netlist ; File Type                    ; File Name with Absolute Path                                                                               ; Library ;
+----------------------------------------+-----------------+------------------------------+------------------------------------------------------------------------------------------------------------+---------+
; ../rtl/experiment1.sv                  ; yes             ; User SystemVerilog HDL File  ; C:/Users/Mark Naguib/Documents/GitHub/lab2-group03-tuesday/experiment1/rtl/experiment1.sv                  ;         ;
; ../rtl/convert_hex_to_seven_segment.sv ; yes             ; User SystemVerilog HDL File  ; C:/Users/Mark Naguib/Documents/GitHub/lab2-group03-tuesday/experiment1/rtl/convert_hex_to_seven_segment.sv ;         ;
+----------------------------------------+-----------------+------------------------------+------------------------------------------------------------------------------------------------------------+---------+


+----------------------------------------------------------------+
; Analysis & Synthesis Resource Usage Summary                    ;
+---------------------------------------------+------------------+
; Resource                                    ; Usage            ;
+---------------------------------------------+------------------+
; Estimated Total logic elements              ; 107              ;
;                                             ;                  ;
; Total combinational functions               ; 66               ;
; Logic element usage by number of LUT inputs ;                  ;
;     -- 4 input functions                    ; 32               ;
;     -- 3 input functions                    ; 9                ;
;     -- <=2 input functions                  ; 25               ;
;                                             ;                  ;
; Logic elements by mode                      ;                  ;
;     -- normal mode                          ; 51               ;
;     -- arithmetic mode                      ; 15               ;
;                                             ;                  ;
; Total registers                             ; 69               ;
;     -- Dedicated logic registers            ; 69               ;
;     -- I/O registers                        ; 0                ;
;                                             ;                  ;
; I/O pins                                    ; 88               ;
;                                             ;                  ;
; Embedded Multiplier 9-bit elements          ; 0                ;
;                                             ;                  ;
; Maximum fan-out node                        ; CLOCK_50_I~input ;
; Maximum fan-out                             ; 69               ;
; Total fan-out                               ; 568              ;
; Average fan-out                             ; 1.83             ;
+---------------------------------------------+------------------+


+--------------------------------------------------------------------------------------------------------------------------------------------------------------------------------------------------------------------------------------------------------------------+
; Analysis & Synthesis Resource Utilization by Entity                                                                                                                                                                                                                ;
+-----------------------------------------+---------------------+---------------------------+-------------+--------------+---------+-----------+------+--------------+-------------------------------------------------+------------------------------+--------------+
; Compilation Hierarchy Node              ; Combinational ALUTs ; Dedicated Logic Registers ; Memory Bits ; DSP Elements ; DSP 9x9 ; DSP 18x18 ; Pins ; Virtual Pins ; Full Hierarchy Name                             ; Entity Name                  ; Library Name ;
+-----------------------------------------+---------------------+---------------------------+-------------+--------------+---------+-----------+------+--------------+-------------------------------------------------+------------------------------+--------------+
; |experiment1                            ; 66 (63)             ; 69 (69)                   ; 0           ; 0            ; 0       ; 0         ; 88   ; 0            ; |experiment1                                    ; experiment1                  ; work         ;
;    |convert_hex_to_seven_segment:unit1| ; 3 (3)               ; 0 (0)                     ; 0           ; 0            ; 0       ; 0         ; 0    ; 0            ; |experiment1|convert_hex_to_seven_segment:unit1 ; convert_hex_to_seven_segment ; work         ;
+-----------------------------------------+---------------------+---------------------------+-------------+--------------+---------+-----------+------+--------------+-------------------------------------------------+------------------------------+--------------+
Note: For table entries with two numbers listed, the numbers in parentheses indicate the number of resources of the given type used by the specific entity alone. The numbers listed outside of parentheses indicate the total resources of the given type used by the specific entity and all of its sub-entities in the hierarchy.


+--------------------------------------------------------------------------------+
; Registers Removed During Synthesis                                             ;
+---------------------------------------+----------------------------------------+
; Register name                         ; Reason for Removal                     ;
+---------------------------------------+----------------------------------------+
; state[3]                              ; Stuck at GND due to stuck port data_in ;
; Total Number of Removed Registers = 1 ;                                        ;
+---------------------------------------+----------------------------------------+


+------------------------------------------------------+
; General Register Statistics                          ;
+----------------------------------------------+-------+
; Statistic                                    ; Value ;
+----------------------------------------------+-------+
; Total registers                              ; 69    ;
; Number of registers using Synchronous Clear  ; 16    ;
; Number of registers using Synchronous Load   ; 0     ;
; Number of registers using Asynchronous Clear ; 69    ;
; Number of registers using Asynchronous Load  ; 0     ;
; Number of registers using Clock Enable       ; 40    ;
; Number of registers using Preset             ; 0     ;
+----------------------------------------------+-------+


+--------------------------------------------------+
; Inverted Register Statistics                     ;
+----------------------------------------+---------+
; Inverted Register                      ; Fan out ;
+----------------------------------------+---------+
; clock_1kHz_buf                         ; 1       ;
; clock_1kHz                             ; 3       ;
; Total number of inverted registers = 2 ;         ;
+----------------------------------------+---------+


+------------------------------------------------------------------------------------------------------------------------------------------+
; Multiplexer Restructuring Statistics (Restructuring Performed)                                                                           ;
+--------------------+-----------+---------------+----------------------+------------------------+------------+----------------------------+
; Multiplexer Inputs ; Bus Width ; Baseline Area ; Area if Restructured ; Saving if Restructured ; Registered ; Example Multiplexer Output ;
+--------------------+-----------+---------------+----------------------+------------------------+------------+----------------------------+
; 8:1                ; 2 bits    ; 10 LEs        ; 8 LEs                ; 2 LEs                  ; Yes        ; |experiment1|state[3]      ;
+--------------------+-----------+---------------+----------------------+------------------------+------------+----------------------------+


+-----------------------------------------------------------------------------+
; Parameter Settings for User Entity Instance: Top-level Entity: |experiment1 ;
+--------------------+-------+------------------------------------------------+
; Parameter Name     ; Value ; Type                                           ;
+--------------------+-------+------------------------------------------------+
; MAX_1kHz_div_count ; 24999 ; Signed Integer                                 ;
+--------------------+-------+------------------------------------------------+
Note: In order to hide this table in the UI and the text report file, please set the "Show Parameter Settings in Synthesis Report" option in "Analysis and Synthesis Settings -> More Settings" to "Off".


+----------------------------------------------------------------+
; Port Connectivity Checks: "convert_hex_to_seven_segment:unit1" ;
+-----------------+-------+----------+---------------------------+
; Port            ; Type  ; Severity ; Details                   ;
+-----------------+-------+----------+---------------------------+
; hex_value[3..2] ; Input ; Info     ; Stuck at GND              ;
+-----------------+-------+----------+---------------------------+


+-----------------------------------------------------+
; Post-Synthesis Netlist Statistics for Top Partition ;
+-----------------------+-----------------------------+
; Type                  ; Count                       ;
+-----------------------+-----------------------------+
; boundary_port         ; 88                          ;
; cycloneiii_ff         ; 69                          ;
;     CLR               ; 13                          ;
;     CLR SCLR          ; 16                          ;
;     ENA CLR           ; 40                          ;
; cycloneiii_lcell_comb ; 76                          ;
;     arith             ; 15                          ;
;         2 data inputs ; 15                          ;
;     normal            ; 61                          ;
;         0 data inputs ; 2                           ;
;         1 data inputs ; 13                          ;
;         2 data inputs ; 5                           ;
;         3 data inputs ; 9                           ;
;         4 data inputs ; 32                          ;
;                       ;                             ;
; Max LUT depth         ; 4.00                        ;
; Average LUT depth     ; 2.20                        ;
+-----------------------+-----------------------------+


+-------------------------------+
; Elapsed Time Per Partition    ;
+----------------+--------------+
; Partition Name ; Elapsed Time ;
+----------------+--------------+
; Top            ; 00:00:00     ;
+----------------+--------------+


+-------------------------------+
; Analysis & Synthesis Messages ;
+-------------------------------+
Info: *******************************************************************
Info: Running Quartus Prime Analysis & Synthesis
    Info: Version 19.1.0 Build 670 09/22/2019 SJ Lite Edition
    Info: Processing started: Tue Sep 22 15:10:33 2020
Info: Command: quartus_map --read_settings_files=on --write_settings_files=off experiment1 -c experiment1
Info (20030): Parallel compilation is enabled and will use 4 of the 4 processors detected
Info (12021): Found 1 design units, including 1 entities, in source file /users/mark naguib/documents/github/lab2-group03-tuesday/experiment1/rtl/experiment1.sv
    Info (12023): Found entity 1: experiment1 File: C:/Users/Mark Naguib/Documents/GitHub/lab2-group03-tuesday/experiment1/rtl/experiment1.sv Line: 16
Info (12021): Found 1 design units, including 1 entities, in source file /users/mark naguib/documents/github/lab2-group03-tuesday/experiment1/rtl/convert_hex_to_seven_segment.sv
    Info (12023): Found entity 1: convert_hex_to_seven_segment File: C:/Users/Mark Naguib/Documents/GitHub/lab2-group03-tuesday/experiment1/rtl/convert_hex_to_seven_segment.sv Line: 14
Info (12127): Elaborating entity "experiment1" for the top level hierarchy
Warning (10230): Verilog HDL assignment warning at experiment1.sv(202): truncated value with size 11 to match size of target (9) File: C:/Users/Mark Naguib/Documents/GitHub/lab2-group03-tuesday/experiment1/rtl/experiment1.sv Line: 202
Info (12128): Elaborating entity "convert_hex_to_seven_segment" for hierarchy "convert_hex_to_seven_segment:unit0" File: C:/Users/Mark Naguib/Documents/GitHub/lab2-group03-tuesday/experiment1/rtl/experiment1.sv Line: 186
Info (13000): Registers with preset signals will power-up high File: C:/Users/Mark Naguib/Documents/GitHub/lab2-group03-tuesday/experiment1/rtl/experiment1.sv Line: 44
Info (13003): DEV_CLRn pin will set, and not reset, register with preset signal due to NOT Gate Push-Back
Warning (13024): Output pins are stuck at VCC or GND
    Warning (13410): Pin "SEVEN_SEGMENT_N_O[0][0]" is stuck at GND File: C:/Users/Mark Naguib/Documents/GitHub/lab2-group03-tuesday/experiment1/rtl/experiment1.sv Line: 25
    Warning (13410): Pin "SEVEN_SEGMENT_N_O[0][4]" is stuck at GND File: C:/Users/Mark Naguib/Documents/GitHub/lab2-group03-tuesday/experiment1/rtl/experiment1.sv Line: 25
    Warning (13410): Pin "SEVEN_SEGMENT_N_O[0][5]" is stuck at GND File: C:/Users/Mark Naguib/Documents/GitHub/lab2-group03-tuesday/experiment1/rtl/experiment1.sv Line: 25
    Warning (13410): Pin "SEVEN_SEGMENT_N_O[1][0]" is stuck at VCC File: C:/Users/Mark Naguib/Documents/GitHub/lab2-group03-tuesday/experiment1/rtl/experiment1.sv Line: 25
    Warning (13410): Pin "SEVEN_SEGMENT_N_O[1][1]" is stuck at VCC File: C:/Users/Mark Naguib/Documents/GitHub/lab2-group03-tuesday/experiment1/rtl/experiment1.sv Line: 25
    Warning (13410): Pin "SEVEN_SEGMENT_N_O[1][2]" is stuck at VCC File: C:/Users/Mark Naguib/Documents/GitHub/lab2-group03-tuesday/experiment1/rtl/experiment1.sv Line: 25
    Warning (13410): Pin "SEVEN_SEGMENT_N_O[1][3]" is stuck at VCC File: C:/Users/Mark Naguib/Documents/GitHub/lab2-group03-tuesday/experiment1/rtl/experiment1.sv Line: 25
    Warning (13410): Pin "SEVEN_SEGMENT_N_O[1][4]" is stuck at VCC File: C:/Users/Mark Naguib/Documents/GitHub/lab2-group03-tuesday/experiment1/rtl/experiment1.sv Line: 25
    Warning (13410): Pin "SEVEN_SEGMENT_N_O[1][5]" is stuck at VCC File: C:/Users/Mark Naguib/Documents/GitHub/lab2-group03-tuesday/experiment1/rtl/experiment1.sv Line: 25
    Warning (13410): Pin "SEVEN_SEGMENT_N_O[1][6]" is stuck at VCC File: C:/Users/Mark Naguib/Documents/GitHub/lab2-group03-tuesday/experiment1/rtl/experiment1.sv Line: 25
    Warning (13410): Pin "SEVEN_SEGMENT_N_O[2][0]" is stuck at VCC File: C:/Users/Mark Naguib/Documents/GitHub/lab2-group03-tuesday/experiment1/rtl/experiment1.sv Line: 25
    Warning (13410): Pin "SEVEN_SEGMENT_N_O[2][1]" is stuck at VCC File: C:/Users/Mark Naguib/Documents/GitHub/lab2-group03-tuesday/experiment1/rtl/experiment1.sv Line: 25
    Warning (13410): Pin "SEVEN_SEGMENT_N_O[2][2]" is stuck at VCC File: C:/Users/Mark Naguib/Documents/GitHub/lab2-group03-tuesday/experiment1/rtl/experiment1.sv Line: 25
    Warning (13410): Pin "SEVEN_SEGMENT_N_O[2][3]" is stuck at VCC File: C:/Users/Mark Naguib/Documents/GitHub/lab2-group03-tuesday/experiment1/rtl/experiment1.sv Line: 25
    Warning (13410): Pin "SEVEN_SEGMENT_N_O[2][4]" is stuck at VCC File: C:/Users/Mark Naguib/Documents/GitHub/lab2-group03-tuesday/experiment1/rtl/experiment1.sv Line: 25
    Warning (13410): Pin "SEVEN_SEGMENT_N_O[2][5]" is stuck at VCC File: C:/Users/Mark Naguib/Documents/GitHub/lab2-group03-tuesday/experiment1/rtl/experiment1.sv Line: 25
    Warning (13410): Pin "SEVEN_SEGMENT_N_O[2][6]" is stuck at VCC File: C:/Users/Mark Naguib/Documents/GitHub/lab2-group03-tuesday/experiment1/rtl/experiment1.sv Line: 25
    Warning (13410): Pin "SEVEN_SEGMENT_N_O[3][0]" is stuck at VCC File: C:/Users/Mark Naguib/Documents/GitHub/lab2-group03-tuesday/experiment1/rtl/experiment1.sv Line: 25
    Warning (13410): Pin "SEVEN_SEGMENT_N_O[3][1]" is stuck at VCC File: C:/Users/Mark Naguib/Documents/GitHub/lab2-group03-tuesday/experiment1/rtl/experiment1.sv Line: 25
    Warning (13410): Pin "SEVEN_SEGMENT_N_O[3][2]" is stuck at VCC File: C:/Users/Mark Naguib/Documents/GitHub/lab2-group03-tuesday/experiment1/rtl/experiment1.sv Line: 25
    Warning (13410): Pin "SEVEN_SEGMENT_N_O[3][3]" is stuck at VCC File: C:/Users/Mark Naguib/Documents/GitHub/lab2-group03-tuesday/experiment1/rtl/experiment1.sv Line: 25
    Warning (13410): Pin "SEVEN_SEGMENT_N_O[3][4]" is stuck at VCC File: C:/Users/Mark Naguib/Documents/GitHub/lab2-group03-tuesday/experiment1/rtl/experiment1.sv Line: 25
    Warning (13410): Pin "SEVEN_SEGMENT_N_O[3][5]" is stuck at VCC File: C:/Users/Mark Naguib/Documents/GitHub/lab2-group03-tuesday/experiment1/rtl/experiment1.sv Line: 25
    Warning (13410): Pin "SEVEN_SEGMENT_N_O[3][6]" is stuck at VCC File: C:/Users/Mark Naguib/Documents/GitHub/lab2-group03-tuesday/experiment1/rtl/experiment1.sv Line: 25
    Warning (13410): Pin "SEVEN_SEGMENT_N_O[4][1]" is stuck at GND File: C:/Users/Mark Naguib/Documents/GitHub/lab2-group03-tuesday/experiment1/rtl/experiment1.sv Line: 25
    Warning (13410): Pin "SEVEN_SEGMENT_N_O[5][0]" is stuck at VCC File: C:/Users/Mark Naguib/Documents/GitHub/lab2-group03-tuesday/experiment1/rtl/experiment1.sv Line: 25
    Warning (13410): Pin "SEVEN_SEGMENT_N_O[5][1]" is stuck at VCC File: C:/Users/Mark Naguib/Documents/GitHub/lab2-group03-tuesday/experiment1/rtl/experiment1.sv Line: 25
    Warning (13410): Pin "SEVEN_SEGMENT_N_O[5][2]" is stuck at VCC File: C:/Users/Mark Naguib/Documents/GitHub/lab2-group03-tuesday/experiment1/rtl/experiment1.sv Line: 25
    Warning (13410): Pin "SEVEN_SEGMENT_N_O[5][3]" is stuck at VCC File: C:/Users/Mark Naguib/Documents/GitHub/lab2-group03-tuesday/experiment1/rtl/experiment1.sv Line: 25
    Warning (13410): Pin "SEVEN_SEGMENT_N_O[5][4]" is stuck at VCC File: C:/Users/Mark Naguib/Documents/GitHub/lab2-group03-tuesday/experiment1/rtl/experiment1.sv Line: 25
    Warning (13410): Pin "SEVEN_SEGMENT_N_O[5][5]" is stuck at VCC File: C:/Users/Mark Naguib/Documents/GitHub/lab2-group03-tuesday/experiment1/rtl/experiment1.sv Line: 25
    Warning (13410): Pin "SEVEN_SEGMENT_N_O[5][6]" is stuck at VCC File: C:/Users/Mark Naguib/Documents/GitHub/lab2-group03-tuesday/experiment1/rtl/experiment1.sv Line: 25
    Warning (13410): Pin "SEVEN_SEGMENT_N_O[6][0]" is stuck at VCC File: C:/Users/Mark Naguib/Documents/GitHub/lab2-group03-tuesday/experiment1/rtl/experiment1.sv Line: 25
    Warning (13410): Pin "SEVEN_SEGMENT_N_O[6][1]" is stuck at VCC File: C:/Users/Mark Naguib/Documents/GitHub/lab2-group03-tuesday/experiment1/rtl/experiment1.sv Line: 25
    Warning (13410): Pin "SEVEN_SEGMENT_N_O[6][2]" is stuck at VCC File: C:/Users/Mark Naguib/Documents/GitHub/lab2-group03-tuesday/experiment1/rtl/experiment1.sv Line: 25
    Warning (13410): Pin "SEVEN_SEGMENT_N_O[6][3]" is stuck at VCC File: C:/Users/Mark Naguib/Documents/GitHub/lab2-group03-tuesday/experiment1/rtl/experiment1.sv Line: 25
    Warning (13410): Pin "SEVEN_SEGMENT_N_O[6][4]" is stuck at VCC File: C:/Users/Mark Naguib/Documents/GitHub/lab2-group03-tuesday/experiment1/rtl/experiment1.sv Line: 25
    Warning (13410): Pin "SEVEN_SEGMENT_N_O[6][5]" is stuck at VCC File: C:/Users/Mark Naguib/Documents/GitHub/lab2-group03-tuesday/experiment1/rtl/experiment1.sv Line: 25
    Warning (13410): Pin "SEVEN_SEGMENT_N_O[6][6]" is stuck at VCC File: C:/Users/Mark Naguib/Documents/GitHub/lab2-group03-tuesday/experiment1/rtl/experiment1.sv Line: 25
    Warning (13410): Pin "SEVEN_SEGMENT_N_O[7][0]" is stuck at VCC File: C:/Users/Mark Naguib/Documents/GitHub/lab2-group03-tuesday/experiment1/rtl/experiment1.sv Line: 25
    Warning (13410): Pin "SEVEN_SEGMENT_N_O[7][1]" is stuck at VCC File: C:/Users/Mark Naguib/Documents/GitHub/lab2-group03-tuesday/experiment1/rtl/experiment1.sv Line: 25
    Warning (13410): Pin "SEVEN_SEGMENT_N_O[7][2]" is stuck at VCC File: C:/Users/Mark Naguib/Documents/GitHub/lab2-group03-tuesday/experiment1/rtl/experiment1.sv Line: 25
    Warning (13410): Pin "SEVEN_SEGMENT_N_O[7][3]" is stuck at VCC File: C:/Users/Mark Naguib/Documents/GitHub/lab2-group03-tuesday/experiment1/rtl/experiment1.sv Line: 25
    Warning (13410): Pin "SEVEN_SEGMENT_N_O[7][4]" is stuck at VCC File: C:/Users/Mark Naguib/Documents/GitHub/lab2-group03-tuesday/experiment1/rtl/experiment1.sv Line: 25
    Warning (13410): Pin "SEVEN_SEGMENT_N_O[7][5]" is stuck at VCC File: C:/Users/Mark Naguib/Documents/GitHub/lab2-group03-tuesday/experiment1/rtl/experiment1.sv Line: 25
    Warning (13410): Pin "SEVEN_SEGMENT_N_O[7][6]" is stuck at VCC File: C:/Users/Mark Naguib/Documents/GitHub/lab2-group03-tuesday/experiment1/rtl/experiment1.sv Line: 25
    Warning (13410): Pin "LED_GREEN_O[4]" is stuck at GND File: C:/Users/Mark Naguib/Documents/GitHub/lab2-group03-tuesday/experiment1/rtl/experiment1.sv Line: 27
    Warning (13410): Pin "LED_GREEN_O[5]" is stuck at GND File: C:/Users/Mark Naguib/Documents/GitHub/lab2-group03-tuesday/experiment1/rtl/experiment1.sv Line: 27
Info (286030): Timing-Driven Synthesis is running
Info (16010): Generating hard_block partition "hard_block:auto_generated_inst"
    Info (16011): Adding 0 node(s), including 0 DDIO, 0 PLL, 0 transceiver and 0 LCELL
Warning (21074): Design contains 17 input pin(s) that do not drive logic
    Warning (15610): No output dependent on input pin "SWITCH_I[0]" File: C:/Users/Mark Naguib/Documents/GitHub/lab2-group03-tuesday/experiment1/rtl/experiment1.sv Line: 22
    Warning (15610): No output dependent on input pin "SWITCH_I[1]" File: C:/Users/Mark Naguib/Documents/GitHub/lab2-group03-tuesday/experiment1/rtl/experiment1.sv Line: 22
    Warning (15610): No output dependent on input pin "SWITCH_I[2]" File: C:/Users/Mark Naguib/Documents/GitHub/lab2-group03-tuesday/experiment1/rtl/experiment1.sv Line: 22
    Warning (15610): No output dependent on input pin "SWITCH_I[3]" File: C:/Users/Mark Naguib/Documents/GitHub/lab2-group03-tuesday/experiment1/rtl/experiment1.sv Line: 22
    Warning (15610): No output dependent on input pin "SWITCH_I[4]" File: C:/Users/Mark Naguib/Documents/GitHub/lab2-group03-tuesday/experiment1/rtl/experiment1.sv Line: 22
    Warning (15610): No output dependent on input pin "SWITCH_I[5]" File: C:/Users/Mark Naguib/Documents/GitHub/lab2-group03-tuesday/experiment1/rtl/experiment1.sv Line: 22
    Warning (15610): No output dependent on input pin "SWITCH_I[6]" File: C:/Users/Mark Naguib/Documents/GitHub/lab2-group03-tuesday/experiment1/rtl/experiment1.sv Line: 22
    Warning (15610): No output dependent on input pin "SWITCH_I[7]" File: C:/Users/Mark Naguib/Documents/GitHub/lab2-group03-tuesday/experiment1/rtl/experiment1.sv Line: 22
    Warning (15610): No output dependent on input pin "SWITCH_I[8]" File: C:/Users/Mark Naguib/Documents/GitHub/lab2-group03-tuesday/experiment1/rtl/experiment1.sv Line: 22
    Warning (15610): No output dependent on input pin "SWITCH_I[9]" File: C:/Users/Mark Naguib/Documents/GitHub/lab2-group03-tuesday/experiment1/rtl/experiment1.sv Line: 22
    Warning (15610): No output dependent on input pin "SWITCH_I[10]" File: C:/Users/Mark Naguib/Documents/GitHub/lab2-group03-tuesday/experiment1/rtl/experiment1.sv Line: 22
    Warning (15610): No output dependent on input pin "SWITCH_I[11]" File: C:/Users/Mark Naguib/Documents/GitHub/lab2-group03-tuesday/experiment1/rtl/experiment1.sv Line: 22
    Warning (15610): No output dependent on input pin "SWITCH_I[12]" File: C:/Users/Mark Naguib/Documents/GitHub/lab2-group03-tuesday/experiment1/rtl/experiment1.sv Line: 22
    Warning (15610): No output dependent on input pin "SWITCH_I[13]" File: C:/Users/Mark Naguib/Documents/GitHub/lab2-group03-tuesday/experiment1/rtl/experiment1.sv Line: 22
    Warning (15610): No output dependent on input pin "SWITCH_I[14]" File: C:/Users/Mark Naguib/Documents/GitHub/lab2-group03-tuesday/experiment1/rtl/experiment1.sv Line: 22
    Warning (15610): No output dependent on input pin "SWITCH_I[15]" File: C:/Users/Mark Naguib/Documents/GitHub/lab2-group03-tuesday/experiment1/rtl/experiment1.sv Line: 22
    Warning (15610): No output dependent on input pin "SWITCH_I[16]" File: C:/Users/Mark Naguib/Documents/GitHub/lab2-group03-tuesday/experiment1/rtl/experiment1.sv Line: 22
Info (21057): Implemented 195 device resources after synthesis - the final resource count might be different
    Info (21058): Implemented 23 input pins
    Info (21059): Implemented 65 output pins
    Info (21061): Implemented 107 logic cells
Info: Quartus Prime Analysis & Synthesis was successful. 0 errors, 68 warnings
    Info: Peak virtual memory: 4794 megabytes
    Info: Processing ended: Tue Sep 22 15:10:45 2020
    Info: Elapsed time: 00:00:12
    Info: Total CPU time (on all processors): 00:00:28


