Analysis & Elaboration report for experiment4
Tue Sep 22 16:13:25 2020
Quartus Prime Version 19.1.0 Build 670 09/22/2019 SJ Lite Edition


---------------------
; Table of Contents ;
---------------------
  1. Legal Notice
  2. Analysis & Elaboration Summary
  3. Parallel Compilation
  4. Source assignments for PS2_to_LCD_ROM:PS2_to_LCD_ROM_inst|altsyncram:altsyncram_component|altsyncram_j7b1:auto_generated
  5. Parameter Settings for User Entity Instance: Top-level Entity: |experiment4
  6. Parameter Settings for User Entity Instance: PS2_to_LCD_ROM:PS2_to_LCD_ROM_inst|altsyncram:altsyncram_component
  7. Parameter Settings for User Entity Instance: LCD_controller:LCD_unit
  8. altsyncram Parameter Settings by Entity Instance
  9. Analysis & Elaboration Settings
 10. Port Connectivity Checks: "PS2_to_LCD_ROM:PS2_to_LCD_ROM_inst"
 11. Analysis & Elaboration Messages



----------------
; Legal Notice ;
----------------
Copyright (C) 2019  Intel Corporation. All rights reserved.
Your use of Intel Corporation's design tools, logic functions 
and other software and tools, and any partner logic 
functions, and any output files from any of the foregoing 
(including device programming or simulation files), and any 
associated documentation or information are expressly subject 
to the terms and conditions of the Intel Program License 
Subscription Agreement, the Intel Quartus Prime License Agreement,
the Intel FPGA IP License Agreement, or other applicable license
agreement, including, without limitation, that your use is for
the sole purpose of programming logic devices manufactured by
Intel and sold by Intel or its authorized distributors.  Please
refer to the applicable agreement for further details, at
https://fpgasoftware.intel.com/eula.



+----------------------------------------------------------------------------------+
; Analysis & Elaboration Summary                                                   ;
+------------------------------------+---------------------------------------------+
; Analysis & Elaboration Status      ; Successful - Tue Sep 22 16:13:25 2020       ;
; Quartus Prime Version              ; 19.1.0 Build 670 09/22/2019 SJ Lite Edition ;
; Revision Name                      ; experiment4                                 ;
; Top-level Entity Name              ; experiment4                                 ;
; Family                             ; Cyclone IV E                                ;
; Total logic elements               ; N/A until Partition Merge                   ;
;     Total combinational functions  ; N/A until Partition Merge                   ;
;     Dedicated logic registers      ; N/A until Partition Merge                   ;
; Total registers                    ; N/A until Partition Merge                   ;
; Total pins                         ; N/A until Partition Merge                   ;
; Total virtual pins                 ; N/A until Partition Merge                   ;
; Total memory bits                  ; N/A until Partition Merge                   ;
; Embedded Multiplier 9-bit elements ; N/A until Partition Merge                   ;
; Total PLLs                         ; N/A until Partition Merge                   ;
+------------------------------------+---------------------------------------------+


+------------------------------------------+
; Parallel Compilation                     ;
+----------------------------+-------------+
; Processors                 ; Number      ;
+----------------------------+-------------+
; Number detected on machine ; 8           ;
; Maximum allowed            ; 4           ;
;                            ;             ;
; Average used               ; 1.00        ;
; Maximum used               ; 1           ;
;                            ;             ;
; Usage by Processor         ; % Time Used ;
;     Processor 1            ; 100.0%      ;
+----------------------------+-------------+


+--------------------------------------------------------------------------------------------------------------------------+
; Source assignments for PS2_to_LCD_ROM:PS2_to_LCD_ROM_inst|altsyncram:altsyncram_component|altsyncram_j7b1:auto_generated ;
+---------------------------------+--------------------+------+------------------------------------------------------------+
; Assignment                      ; Value              ; From ; To                                                         ;
+---------------------------------+--------------------+------+------------------------------------------------------------+
; OPTIMIZE_POWER_DURING_SYNTHESIS ; NORMAL_COMPILATION ; -    ; -                                                          ;
+---------------------------------+--------------------+------+------------------------------------------------------------+


+-----------------------------------------------------------------------------+
; Parameter Settings for User Entity Instance: Top-level Entity: |experiment4 ;
+---------------------+--------------------+----------------------------------+
; Parameter Name      ; Value              ; Type                             ;
+---------------------+--------------------+----------------------------------+
; MAX_LCD_delay_count ; 111111111111111111 ; Unsigned Binary                  ;
+---------------------+--------------------+----------------------------------+
Note: In order to hide this table in the UI and the text report file, please set the "Show Parameter Settings in Synthesis Report" option in "Analysis and Synthesis Settings -> More Settings" to "Off".


+-----------------------------------------------------------------------------------------------------------------+
; Parameter Settings for User Entity Instance: PS2_to_LCD_ROM:PS2_to_LCD_ROM_inst|altsyncram:altsyncram_component ;
+------------------------------------+---------------------------+------------------------------------------------+
; Parameter Name                     ; Value                     ; Type                                           ;
+------------------------------------+---------------------------+------------------------------------------------+
; BYTE_SIZE_BLOCK                    ; 8                         ; Untyped                                        ;
; AUTO_CARRY_CHAINS                  ; ON                        ; AUTO_CARRY                                     ;
; IGNORE_CARRY_BUFFERS               ; OFF                       ; IGNORE_CARRY                                   ;
; AUTO_CASCADE_CHAINS                ; ON                        ; AUTO_CASCADE                                   ;
; IGNORE_CASCADE_BUFFERS             ; OFF                       ; IGNORE_CASCADE                                 ;
; WIDTH_BYTEENA                      ; 1                         ; Untyped                                        ;
; OPERATION_MODE                     ; ROM                       ; Untyped                                        ;
; WIDTH_A                            ; 8                         ; Signed Integer                                 ;
; WIDTHAD_A                          ; 9                         ; Signed Integer                                 ;
; NUMWORDS_A                         ; 512                       ; Signed Integer                                 ;
; OUTDATA_REG_A                      ; UNREGISTERED              ; Untyped                                        ;
; ADDRESS_ACLR_A                     ; NONE                      ; Untyped                                        ;
; OUTDATA_ACLR_A                     ; NONE                      ; Untyped                                        ;
; WRCONTROL_ACLR_A                   ; NONE                      ; Untyped                                        ;
; INDATA_ACLR_A                      ; NONE                      ; Untyped                                        ;
; BYTEENA_ACLR_A                     ; NONE                      ; Untyped                                        ;
; WIDTH_B                            ; 1                         ; Untyped                                        ;
; WIDTHAD_B                          ; 1                         ; Untyped                                        ;
; NUMWORDS_B                         ; 1                         ; Untyped                                        ;
; INDATA_REG_B                       ; CLOCK1                    ; Untyped                                        ;
; WRCONTROL_WRADDRESS_REG_B          ; CLOCK1                    ; Untyped                                        ;
; RDCONTROL_REG_B                    ; CLOCK1                    ; Untyped                                        ;
; ADDRESS_REG_B                      ; CLOCK1                    ; Untyped                                        ;
; OUTDATA_REG_B                      ; UNREGISTERED              ; Untyped                                        ;
; BYTEENA_REG_B                      ; CLOCK1                    ; Untyped                                        ;
; INDATA_ACLR_B                      ; NONE                      ; Untyped                                        ;
; WRCONTROL_ACLR_B                   ; NONE                      ; Untyped                                        ;
; ADDRESS_ACLR_B                     ; NONE                      ; Untyped                                        ;
; OUTDATA_ACLR_B                     ; NONE                      ; Untyped                                        ;
; RDCONTROL_ACLR_B                   ; NONE                      ; Untyped                                        ;
; BYTEENA_ACLR_B                     ; NONE                      ; Untyped                                        ;
; WIDTH_BYTEENA_A                    ; 1                         ; Signed Integer                                 ;
; WIDTH_BYTEENA_B                    ; 1                         ; Untyped                                        ;
; RAM_BLOCK_TYPE                     ; AUTO                      ; Untyped                                        ;
; BYTE_SIZE                          ; 8                         ; Untyped                                        ;
; READ_DURING_WRITE_MODE_MIXED_PORTS ; DONT_CARE                 ; Untyped                                        ;
; READ_DURING_WRITE_MODE_PORT_A      ; NEW_DATA_NO_NBE_READ      ; Untyped                                        ;
; READ_DURING_WRITE_MODE_PORT_B      ; NEW_DATA_NO_NBE_READ      ; Untyped                                        ;
; INIT_FILE                          ; ../rtl/PS2_to_LCD_ROM.mif ; Untyped                                        ;
; INIT_FILE_LAYOUT                   ; PORT_A                    ; Untyped                                        ;
; MAXIMUM_DEPTH                      ; 0                         ; Untyped                                        ;
; CLOCK_ENABLE_INPUT_A               ; BYPASS                    ; Untyped                                        ;
; CLOCK_ENABLE_INPUT_B               ; NORMAL                    ; Untyped                                        ;
; CLOCK_ENABLE_OUTPUT_A              ; BYPASS                    ; Untyped                                        ;
; CLOCK_ENABLE_OUTPUT_B              ; NORMAL                    ; Untyped                                        ;
; CLOCK_ENABLE_CORE_A                ; USE_INPUT_CLKEN           ; Untyped                                        ;
; CLOCK_ENABLE_CORE_B                ; USE_INPUT_CLKEN           ; Untyped                                        ;
; ENABLE_ECC                         ; FALSE                     ; Untyped                                        ;
; ECC_PIPELINE_STAGE_ENABLED         ; FALSE                     ; Untyped                                        ;
; WIDTH_ECCSTATUS                    ; 3                         ; Untyped                                        ;
; DEVICE_FAMILY                      ; Cyclone IV E              ; Untyped                                        ;
; CBXI_PARAMETER                     ; altsyncram_j7b1           ; Untyped                                        ;
+------------------------------------+---------------------------+------------------------------------------------+
Note: In order to hide this table in the UI and the text report file, please set the "Show Parameter Settings in Synthesis Report" option in "Analysis and Synthesis Settings -> More Settings" to "Off".


+-----------------------------------------------------------------------------+
; Parameter Settings for User Entity Instance: LCD_controller:LCD_unit        ;
+------------------------+----------------------------------+-----------------+
; Parameter Name         ; Value                            ; Type            ;
+------------------------+----------------------------------+-----------------+
; LCD_DELAY_ENABLE_count ; 16                               ; Signed Integer  ;
; MAX_LCD_delay_count    ; 00000000000000111111111111111110 ; Unsigned Binary ;
+------------------------+----------------------------------+-----------------+
Note: In order to hide this table in the UI and the text report file, please set the "Show Parameter Settings in Synthesis Report" option in "Analysis and Synthesis Settings -> More Settings" to "Off".


+----------------------------------------------------------------------------------------------------------------+
; altsyncram Parameter Settings by Entity Instance                                                               ;
+-------------------------------------------+--------------------------------------------------------------------+
; Name                                      ; Value                                                              ;
+-------------------------------------------+--------------------------------------------------------------------+
; Number of entity instances                ; 1                                                                  ;
; Entity Instance                           ; PS2_to_LCD_ROM:PS2_to_LCD_ROM_inst|altsyncram:altsyncram_component ;
;     -- OPERATION_MODE                     ; ROM                                                                ;
;     -- WIDTH_A                            ; 8                                                                  ;
;     -- NUMWORDS_A                         ; 512                                                                ;
;     -- OUTDATA_REG_A                      ; UNREGISTERED                                                       ;
;     -- WIDTH_B                            ; 1                                                                  ;
;     -- NUMWORDS_B                         ; 1                                                                  ;
;     -- ADDRESS_REG_B                      ; CLOCK1                                                             ;
;     -- OUTDATA_REG_B                      ; UNREGISTERED                                                       ;
;     -- RAM_BLOCK_TYPE                     ; AUTO                                                               ;
;     -- READ_DURING_WRITE_MODE_MIXED_PORTS ; DONT_CARE                                                          ;
+-------------------------------------------+--------------------------------------------------------------------+


+------------------------------------------------------------------------------------------------------------+
; Analysis & Elaboration Settings                                                                            ;
+------------------------------------------------------------------+--------------------+--------------------+
; Option                                                           ; Setting            ; Default Value      ;
+------------------------------------------------------------------+--------------------+--------------------+
; Device                                                           ; EP4CE115F29C7      ;                    ;
; Top-level entity name                                            ; experiment4        ; experiment4        ;
; Family name                                                      ; Cyclone IV E       ; Cyclone V          ;
; Maximum processors allowed for parallel compilation              ; All                ;                    ;
; Verilog Show LMF Mapping Messages                                ; Off                ;                    ;
; Verilog Version                                                  ; SystemVerilog_2005 ; Verilog_2001       ;
; Use smart compilation                                            ; Off                ; Off                ;
; Enable parallel Assembler and Timing Analyzer during compilation ; On                 ; On                 ;
; Enable compact report table                                      ; Off                ; Off                ;
; Restructure Multiplexers                                         ; Auto               ; Auto               ;
; Create Debugging Nodes for IP Cores                              ; Off                ; Off                ;
; Preserve fewer node names                                        ; On                 ; On                 ;
; Intel FPGA IP Evaluation Mode                                    ; Enable             ; Enable             ;
; VHDL Version                                                     ; VHDL_1993          ; VHDL_1993          ;
; State Machine Processing                                         ; Auto               ; Auto               ;
; Safe State Machine                                               ; Off                ; Off                ;
; Extract Verilog State Machines                                   ; On                 ; On                 ;
; Extract VHDL State Machines                                      ; On                 ; On                 ;
; Ignore Verilog initial constructs                                ; Off                ; Off                ;
; Iteration limit for constant Verilog loops                       ; 5000               ; 5000               ;
; Iteration limit for non-constant Verilog loops                   ; 250                ; 250                ;
; Add Pass-Through Logic to Inferred RAMs                          ; On                 ; On                 ;
; Infer RAMs from Raw Logic                                        ; On                 ; On                 ;
; Parallel Synthesis                                               ; On                 ; On                 ;
; DSP Block Balancing                                              ; Auto               ; Auto               ;
; NOT Gate Push-Back                                               ; On                 ; On                 ;
; Power-Up Don't Care                                              ; On                 ; On                 ;
; Remove Redundant Logic Cells                                     ; Off                ; Off                ;
; Remove Duplicate Registers                                       ; On                 ; On                 ;
; Ignore CARRY Buffers                                             ; Off                ; Off                ;
; Ignore CASCADE Buffers                                           ; Off                ; Off                ;
; Ignore GLOBAL Buffers                                            ; Off                ; Off                ;
; Ignore ROW GLOBAL Buffers                                        ; Off                ; Off                ;
; Ignore LCELL Buffers                                             ; Off                ; Off                ;
; Ignore SOFT Buffers                                              ; On                 ; On                 ;
; Limit AHDL Integers to 32 Bits                                   ; Off                ; Off                ;
; Optimization Technique                                           ; Balanced           ; Balanced           ;
; Carry Chain Length                                               ; 70                 ; 70                 ;
; Auto Carry Chains                                                ; On                 ; On                 ;
; Auto Open-Drain Pins                                             ; On                 ; On                 ;
; Perform WYSIWYG Primitive Resynthesis                            ; Off                ; Off                ;
; Auto ROM Replacement                                             ; On                 ; On                 ;
; Auto RAM Replacement                                             ; On                 ; On                 ;
; Auto DSP Block Replacement                                       ; On                 ; On                 ;
; Auto Shift Register Replacement                                  ; Auto               ; Auto               ;
; Allow Shift Register Merging across Hierarchies                  ; Auto               ; Auto               ;
; Auto Clock Enable Replacement                                    ; On                 ; On                 ;
; Strict RAM Replacement                                           ; Off                ; Off                ;
; Allow Synchronous Control Signals                                ; On                 ; On                 ;
; Force Use of Synchronous Clear Signals                           ; Off                ; Off                ;
; Auto RAM Block Balancing                                         ; On                 ; On                 ;
; Auto RAM to Logic Cell Conversion                                ; Off                ; Off                ;
; Auto Resource Sharing                                            ; Off                ; Off                ;
; Allow Any RAM Size For Recognition                               ; Off                ; Off                ;
; Allow Any ROM Size For Recognition                               ; Off                ; Off                ;
; Allow Any Shift Register Size For Recognition                    ; Off                ; Off                ;
; Use LogicLock Constraints during Resource Balancing              ; On                 ; On                 ;
; Ignore translate_off and synthesis_off directives                ; Off                ; Off                ;
; Timing-Driven Synthesis                                          ; On                 ; On                 ;
; Report Parameter Settings                                        ; On                 ; On                 ;
; Report Source Assignments                                        ; On                 ; On                 ;
; Report Connectivity Checks                                       ; On                 ; On                 ;
; Ignore Maximum Fan-Out Assignments                               ; Off                ; Off                ;
; Synchronization Register Chain Length                            ; 2                  ; 2                  ;
; Power Optimization During Synthesis                              ; Normal compilation ; Normal compilation ;
; HDL message level                                                ; Level2             ; Level2             ;
; Suppress Register Optimization Related Messages                  ; Off                ; Off                ;
; Number of Removed Registers Reported in Synthesis Report         ; 5000               ; 5000               ;
; Number of Swept Nodes Reported in Synthesis Report               ; 5000               ; 5000               ;
; Number of Inverted Registers Reported in Synthesis Report        ; 100                ; 100                ;
; Clock MUX Protection                                             ; On                 ; On                 ;
; Auto Gated Clock Conversion                                      ; Off                ; Off                ;
; Block Design Naming                                              ; Auto               ; Auto               ;
; SDC constraint protection                                        ; Off                ; Off                ;
; Synthesis Effort                                                 ; Auto               ; Auto               ;
; Shift Register Replacement - Allow Asynchronous Clear Signal     ; On                 ; On                 ;
; Pre-Mapping Resynthesis Optimization                             ; Off                ; Off                ;
; Analysis & Synthesis Message Level                               ; Medium             ; Medium             ;
; Disable Register Merging Across Hierarchies                      ; Auto               ; Auto               ;
; Resource Aware Inference For Block RAM                           ; On                 ; On                 ;
+------------------------------------------------------------------+--------------------+--------------------+


+----------------------------------------------------------------+
; Port Connectivity Checks: "PS2_to_LCD_ROM:PS2_to_LCD_ROM_inst" ;
+------------+-------+----------+--------------------------------+
; Port       ; Type  ; Severity ; Details                        ;
+------------+-------+----------+--------------------------------+
; address[8] ; Input ; Info     ; Stuck at GND                   ;
+------------+-------+----------+--------------------------------+


+---------------------------------+
; Analysis & Elaboration Messages ;
+---------------------------------+
Info: *******************************************************************
Info: Running Quartus Prime Analysis & Elaboration
    Info: Version 19.1.0 Build 670 09/22/2019 SJ Lite Edition
    Info: Processing started: Tue Sep 22 16:13:13 2020
Info: Command: quartus_map --read_settings_files=on --write_settings_files=off experiment4 -c experiment4 --analysis_and_elaboration
Info (20030): Parallel compilation is enabled and will use 4 of the 4 processors detected
Info (12021): Found 1 design units, including 1 entities, in source file /users/mark naguib/documents/github/lab2-group03-tuesday/experiment4/rtl/ps2_to_lcd_rom.v
    Info (12023): Found entity 1: PS2_to_LCD_ROM File: C:/Users/Mark Naguib/Documents/GitHub/lab2-group03-tuesday/experiment4/rtl/PS2_to_LCD_ROM.v Line: 40
Info (12021): Found 1 design units, including 1 entities, in source file /users/mark naguib/documents/github/lab2-group03-tuesday/experiment4/rtl/ps2_controller.sv
    Info (12023): Found entity 1: PS2_controller File: C:/Users/Mark Naguib/Documents/GitHub/lab2-group03-tuesday/experiment4/rtl/PS2_controller.sv Line: 15
Info (12021): Found 1 design units, including 1 entities, in source file /users/mark naguib/documents/github/lab2-group03-tuesday/experiment4/rtl/lcd_controller.sv
    Info (12023): Found entity 1: LCD_controller File: C:/Users/Mark Naguib/Documents/GitHub/lab2-group03-tuesday/experiment4/rtl/LCD_controller.sv Line: 17
Info (12021): Found 1 design units, including 1 entities, in source file /users/mark naguib/documents/github/lab2-group03-tuesday/experiment4/rtl/experiment4.sv
    Info (12023): Found entity 1: experiment4 File: C:/Users/Mark Naguib/Documents/GitHub/lab2-group03-tuesday/experiment4/rtl/experiment4.sv Line: 16
Info (12021): Found 1 design units, including 1 entities, in source file /users/mark naguib/documents/github/lab2-group03-tuesday/experiment4/rtl/convert_hex_to_seven_segment.sv
    Info (12023): Found entity 1: convert_hex_to_seven_segment File: C:/Users/Mark Naguib/Documents/GitHub/lab2-group03-tuesday/experiment4/rtl/convert_hex_to_seven_segment.sv Line: 14
Info (12127): Elaborating entity "experiment4" for the top level hierarchy
Info (12128): Elaborating entity "PS2_controller" for hierarchy "PS2_controller:PS2_unit" File: C:/Users/Mark Naguib/Documents/GitHub/lab2-group03-tuesday/experiment4/rtl/experiment4.sv Line: 84
Warning (10036): Verilog HDL or VHDL warning at PS2_controller.sv(37): object "PS2_parity" assigned a value but never read File: C:/Users/Mark Naguib/Documents/GitHub/lab2-group03-tuesday/experiment4/rtl/PS2_controller.sv Line: 37
Info (12128): Elaborating entity "PS2_to_LCD_ROM" for hierarchy "PS2_to_LCD_ROM:PS2_to_LCD_ROM_inst" File: C:/Users/Mark Naguib/Documents/GitHub/lab2-group03-tuesday/experiment4/rtl/experiment4.sv Line: 91
Info (12128): Elaborating entity "altsyncram" for hierarchy "PS2_to_LCD_ROM:PS2_to_LCD_ROM_inst|altsyncram:altsyncram_component" File: C:/Users/Mark Naguib/Documents/GitHub/lab2-group03-tuesday/experiment4/rtl/PS2_to_LCD_ROM.v Line: 82
Info (12130): Elaborated megafunction instantiation "PS2_to_LCD_ROM:PS2_to_LCD_ROM_inst|altsyncram:altsyncram_component" File: C:/Users/Mark Naguib/Documents/GitHub/lab2-group03-tuesday/experiment4/rtl/PS2_to_LCD_ROM.v Line: 82
Info (12133): Instantiated megafunction "PS2_to_LCD_ROM:PS2_to_LCD_ROM_inst|altsyncram:altsyncram_component" with the following parameter: File: C:/Users/Mark Naguib/Documents/GitHub/lab2-group03-tuesday/experiment4/rtl/PS2_to_LCD_ROM.v Line: 82
    Info (12134): Parameter "address_aclr_a" = "NONE"
    Info (12134): Parameter "clock_enable_input_a" = "BYPASS"
    Info (12134): Parameter "clock_enable_output_a" = "BYPASS"
    Info (12134): Parameter "init_file" = "../rtl/PS2_to_LCD_ROM.mif"
    Info (12134): Parameter "intended_device_family" = "Cyclone IV E"
    Info (12134): Parameter "lpm_hint" = "ENABLE_RUNTIME_MOD=NO"
    Info (12134): Parameter "lpm_type" = "altsyncram"
    Info (12134): Parameter "numwords_a" = "512"
    Info (12134): Parameter "operation_mode" = "ROM"
    Info (12134): Parameter "outdata_aclr_a" = "NONE"
    Info (12134): Parameter "outdata_reg_a" = "UNREGISTERED"
    Info (12134): Parameter "widthad_a" = "9"
    Info (12134): Parameter "width_a" = "8"
    Info (12134): Parameter "width_byteena_a" = "1"
Info (12021): Found 1 design units, including 1 entities, in source file db/altsyncram_j7b1.tdf
    Info (12023): Found entity 1: altsyncram_j7b1 File: C:/Users/Mark Naguib/Documents/GitHub/lab2-group03-tuesday/experiment4/syn/db/altsyncram_j7b1.tdf Line: 28
Info (12128): Elaborating entity "altsyncram_j7b1" for hierarchy "PS2_to_LCD_ROM:PS2_to_LCD_ROM_inst|altsyncram:altsyncram_component|altsyncram_j7b1:auto_generated" File: c:/intelfpga_lite/19.1/quartus/libraries/megafunctions/altsyncram.tdf Line: 792
Info (12128): Elaborating entity "LCD_controller" for hierarchy "LCD_controller:LCD_unit" File: C:/Users/Mark Naguib/Documents/GitHub/lab2-group03-tuesday/experiment4/rtl/experiment4.sv Line: 110
Info (12128): Elaborating entity "convert_hex_to_seven_segment" for hierarchy "convert_hex_to_seven_segment:unit4" File: C:/Users/Mark Naguib/Documents/GitHub/lab2-group03-tuesday/experiment4/rtl/experiment4.sv Line: 222
Info: Quartus Prime Analysis & Elaboration was successful. 0 errors, 1 warning
    Info: Peak virtual memory: 4733 megabytes
    Info: Processing ended: Tue Sep 22 16:13:25 2020
    Info: Elapsed time: 00:00:12
    Info: Total CPU time (on all processors): 00:00:27


