Analysis & Synthesis report for experiment4
Sat Oct 03 10:34:39 2020
Quartus Prime Version 19.1.0 Build 670 09/22/2019 SJ Lite Edition


---------------------
; Table of Contents ;
---------------------
  1. Legal Notice
  2. Analysis & Synthesis Summary
  3. Analysis & Synthesis Settings
  4. Parallel Compilation
  5. Analysis & Synthesis Source Files Read
  6. Analysis & Synthesis Resource Usage Summary
  7. Analysis & Synthesis Resource Utilization by Entity
  8. Analysis & Synthesis RAM Summary
  9. State Machine - |experiment4|PS2_controller:ps2_unit|PS2_state
 10. Registers Removed During Synthesis
 11. General Register Statistics
 12. Multiplexer Restructuring Statistics (Restructuring Performed)
 13. Source assignments for char_rom:char_rom_unit|char_gen_rom:char_gen_rom_inst|altsyncram:altsyncram_component|altsyncram_9fa1:auto_generated
 14. Parameter Settings for User Entity Instance: Top-level Entity: |experiment4
 15. Parameter Settings for User Entity Instance: VGA_controller:VGA_unit
 16. Parameter Settings for User Entity Instance: char_rom:char_rom_unit|char_gen_rom:char_gen_rom_inst|altsyncram:altsyncram_component
 17. altsyncram Parameter Settings by Entity Instance
 18. Port Connectivity Checks: "VGA_controller:VGA_unit"
 19. Post-Synthesis Netlist Statistics for Top Partition
 20. Elapsed Time Per Partition
 21. Analysis & Synthesis Messages



----------------
; Legal Notice ;
----------------
Copyright (C) 2019  Intel Corporation. All rights reserved.
Your use of Intel Corporation's design tools, logic functions 
and other software and tools, and any partner logic 
functions, and any output files from any of the foregoing 
(including device programming or simulation files), and any 
associated documentation or information are expressly subject 
to the terms and conditions of the Intel Program License 
Subscription Agreement, the Intel Quartus Prime License Agreement,
the Intel FPGA IP License Agreement, or other applicable license
agreement, including, without limitation, that your use is for
the sole purpose of programming logic devices manufactured by
Intel and sold by Intel or its authorized distributors.  Please
refer to the applicable agreement for further details, at
https://fpgasoftware.intel.com/eula.



+----------------------------------------------------------------------------------+
; Analysis & Synthesis Summary                                                     ;
+------------------------------------+---------------------------------------------+
; Analysis & Synthesis Status        ; Successful - Sat Oct 03 10:34:38 2020       ;
; Quartus Prime Version              ; 19.1.0 Build 670 09/22/2019 SJ Lite Edition ;
; Revision Name                      ; experiment4                                 ;
; Top-level Entity Name              ; experiment4                                 ;
; Family                             ; Cyclone IV E                                ;
; Total logic elements               ; 1,542                                       ;
;     Total combinational functions  ; 1,385                                       ;
;     Dedicated logic registers      ; 197                                         ;
; Total registers                    ; 197                                         ;
; Total pins                         ; 50                                          ;
; Total virtual pins                 ; 0                                           ;
; Total memory bits                  ; 4,096                                       ;
; Embedded Multiplier 9-bit elements ; 0                                           ;
; Total PLLs                         ; 0                                           ;
+------------------------------------+---------------------------------------------+


+------------------------------------------------------------------------------------------------------------+
; Analysis & Synthesis Settings                                                                              ;
+------------------------------------------------------------------+--------------------+--------------------+
; Option                                                           ; Setting            ; Default Value      ;
+------------------------------------------------------------------+--------------------+--------------------+
; Device                                                           ; EP4CE115F29C7      ;                    ;
; Top-level entity name                                            ; experiment4        ; experiment4        ;
; Family name                                                      ; Cyclone IV E       ; Cyclone V          ;
; Maximum processors allowed for parallel compilation              ; All                ;                    ;
; Use smart compilation                                            ; Off                ; Off                ;
; Enable parallel Assembler and Timing Analyzer during compilation ; On                 ; On                 ;
; Enable compact report table                                      ; Off                ; Off                ;
; Restructure Multiplexers                                         ; Auto               ; Auto               ;
; Create Debugging Nodes for IP Cores                              ; Off                ; Off                ;
; Preserve fewer node names                                        ; On                 ; On                 ;
; Intel FPGA IP Evaluation Mode                                    ; Enable             ; Enable             ;
; Verilog Version                                                  ; Verilog_2001       ; Verilog_2001       ;
; VHDL Version                                                     ; VHDL_1993          ; VHDL_1993          ;
; State Machine Processing                                         ; Auto               ; Auto               ;
; Safe State Machine                                               ; Off                ; Off                ;
; Extract Verilog State Machines                                   ; On                 ; On                 ;
; Extract VHDL State Machines                                      ; On                 ; On                 ;
; Ignore Verilog initial constructs                                ; Off                ; Off                ;
; Iteration limit for constant Verilog loops                       ; 5000               ; 5000               ;
; Iteration limit for non-constant Verilog loops                   ; 250                ; 250                ;
; Add Pass-Through Logic to Inferred RAMs                          ; On                 ; On                 ;
; Infer RAMs from Raw Logic                                        ; On                 ; On                 ;
; Parallel Synthesis                                               ; On                 ; On                 ;
; DSP Block Balancing                                              ; Auto               ; Auto               ;
; NOT Gate Push-Back                                               ; On                 ; On                 ;
; Power-Up Don't Care                                              ; On                 ; On                 ;
; Remove Redundant Logic Cells                                     ; Off                ; Off                ;
; Remove Duplicate Registers                                       ; On                 ; On                 ;
; Ignore CARRY Buffers                                             ; Off                ; Off                ;
; Ignore CASCADE Buffers                                           ; Off                ; Off                ;
; Ignore GLOBAL Buffers                                            ; Off                ; Off                ;
; Ignore ROW GLOBAL Buffers                                        ; Off                ; Off                ;
; Ignore LCELL Buffers                                             ; Off                ; Off                ;
; Ignore SOFT Buffers                                              ; On                 ; On                 ;
; Limit AHDL Integers to 32 Bits                                   ; Off                ; Off                ;
; Optimization Technique                                           ; Balanced           ; Balanced           ;
; Carry Chain Length                                               ; 70                 ; 70                 ;
; Auto Carry Chains                                                ; On                 ; On                 ;
; Auto Open-Drain Pins                                             ; On                 ; On                 ;
; Perform WYSIWYG Primitive Resynthesis                            ; Off                ; Off                ;
; Auto ROM Replacement                                             ; On                 ; On                 ;
; Auto RAM Replacement                                             ; On                 ; On                 ;
; Auto DSP Block Replacement                                       ; On                 ; On                 ;
; Auto Shift Register Replacement                                  ; Auto               ; Auto               ;
; Allow Shift Register Merging across Hierarchies                  ; Auto               ; Auto               ;
; Auto Clock Enable Replacement                                    ; On                 ; On                 ;
; Strict RAM Replacement                                           ; Off                ; Off                ;
; Allow Synchronous Control Signals                                ; On                 ; On                 ;
; Force Use of Synchronous Clear Signals                           ; Off                ; Off                ;
; Auto RAM Block Balancing                                         ; On                 ; On                 ;
; Auto RAM to Logic Cell Conversion                                ; Off                ; Off                ;
; Auto Resource Sharing                                            ; Off                ; Off                ;
; Allow Any RAM Size For Recognition                               ; Off                ; Off                ;
; Allow Any ROM Size For Recognition                               ; Off                ; Off                ;
; Allow Any Shift Register Size For Recognition                    ; Off                ; Off                ;
; Use LogicLock Constraints during Resource Balancing              ; On                 ; On                 ;
; Ignore translate_off and synthesis_off directives                ; Off                ; Off                ;
; Timing-Driven Synthesis                                          ; On                 ; On                 ;
; Report Parameter Settings                                        ; On                 ; On                 ;
; Report Source Assignments                                        ; On                 ; On                 ;
; Report Connectivity Checks                                       ; On                 ; On                 ;
; Ignore Maximum Fan-Out Assignments                               ; Off                ; Off                ;
; Synchronization Register Chain Length                            ; 2                  ; 2                  ;
; Power Optimization During Synthesis                              ; Normal compilation ; Normal compilation ;
; HDL message level                                                ; Level2             ; Level2             ;
; Suppress Register Optimization Related Messages                  ; Off                ; Off                ;
; Number of Removed Registers Reported in Synthesis Report         ; 5000               ; 5000               ;
; Number of Swept Nodes Reported in Synthesis Report               ; 5000               ; 5000               ;
; Number of Inverted Registers Reported in Synthesis Report        ; 100                ; 100                ;
; Clock MUX Protection                                             ; On                 ; On                 ;
; Auto Gated Clock Conversion                                      ; Off                ; Off                ;
; Block Design Naming                                              ; Auto               ; Auto               ;
; SDC constraint protection                                        ; Off                ; Off                ;
; Synthesis Effort                                                 ; Auto               ; Auto               ;
; Shift Register Replacement - Allow Asynchronous Clear Signal     ; On                 ; On                 ;
; Pre-Mapping Resynthesis Optimization                             ; Off                ; Off                ;
; Analysis & Synthesis Message Level                               ; Medium             ; Medium             ;
; Disable Register Merging Across Hierarchies                      ; Auto               ; Auto               ;
; Resource Aware Inference For Block RAM                           ; On                 ; On                 ;
+------------------------------------------------------------------+--------------------+--------------------+


+------------------------------------------+
; Parallel Compilation                     ;
+----------------------------+-------------+
; Processors                 ; Number      ;
+----------------------------+-------------+
; Number detected on machine ; 8           ;
; Maximum allowed            ; 4           ;
;                            ;             ;
; Average used               ; 1.00        ;
; Maximum used               ; 4           ;
;                            ;             ;
; Usage by Processor         ; % Time Used ;
;     Processor 1            ; 100.0%      ;
;     Processor 2            ;   0.1%      ;
;     Processor 3            ;   0.0%      ;
;     Processor 4            ;   0.0%      ;
+----------------------------+-------------+


+--------------------------------------------------------------------------------------------------------------------------------------------------------------------------------------------------------+
; Analysis & Synthesis Source Files Read                                                                                                                                                                 ;
+----------------------------------+-----------------+----------------------------------------+------------------------------------------------------------------------------------------------+---------+
; File Name with User-Entered Path ; Used in Netlist ; File Type                              ; File Name with Absolute Path                                                                   ; Library ;
+----------------------------------+-----------------+----------------------------------------+------------------------------------------------------------------------------------------------+---------+
; ../rtl/PS2_controller.sv         ; yes             ; User SystemVerilog HDL File            ; C:/Users/Mark Naguib/Documents/GitHub/lab3-group03-tuesday/exercise/rtl/PS2_controller.sv      ;         ;
; ../rtl/char_rom.sv               ; yes             ; User SystemVerilog HDL File            ; C:/Users/Mark Naguib/Documents/GitHub/lab3-group03-tuesday/exercise/rtl/char_rom.sv            ;         ;
; ../rtl/char_gen_rom.v            ; yes             ; User Wizard-Generated File             ; C:/Users/Mark Naguib/Documents/GitHub/lab3-group03-tuesday/exercise/rtl/char_gen_rom.v         ;         ;
; ../rtl/VGA_controller.sv         ; yes             ; User SystemVerilog HDL File            ; C:/Users/Mark Naguib/Documents/GitHub/lab3-group03-tuesday/exercise/rtl/VGA_controller.sv      ;         ;
; ../rtl/experiment4.sv            ; yes             ; User SystemVerilog HDL File            ; C:/Users/Mark Naguib/Documents/GitHub/lab3-group03-tuesday/exercise/rtl/experiment4.sv         ;         ;
; ../rtl/VGA_param.h               ; yes             ; User File                              ; C:/Users/Mark Naguib/Documents/GitHub/lab3-group03-tuesday/exercise/rtl/VGA_param.h            ;         ;
; altsyncram.tdf                   ; yes             ; Megafunction                           ; c:/intelfpga_lite/19.1/quartus/libraries/megafunctions/altsyncram.tdf                          ;         ;
; stratix_ram_block.inc            ; yes             ; Megafunction                           ; c:/intelfpga_lite/19.1/quartus/libraries/megafunctions/stratix_ram_block.inc                   ;         ;
; lpm_mux.inc                      ; yes             ; Megafunction                           ; c:/intelfpga_lite/19.1/quartus/libraries/megafunctions/lpm_mux.inc                             ;         ;
; lpm_decode.inc                   ; yes             ; Megafunction                           ; c:/intelfpga_lite/19.1/quartus/libraries/megafunctions/lpm_decode.inc                          ;         ;
; aglobal191.inc                   ; yes             ; Megafunction                           ; c:/intelfpga_lite/19.1/quartus/libraries/megafunctions/aglobal191.inc                          ;         ;
; a_rdenreg.inc                    ; yes             ; Megafunction                           ; c:/intelfpga_lite/19.1/quartus/libraries/megafunctions/a_rdenreg.inc                           ;         ;
; altrom.inc                       ; yes             ; Megafunction                           ; c:/intelfpga_lite/19.1/quartus/libraries/megafunctions/altrom.inc                              ;         ;
; altram.inc                       ; yes             ; Megafunction                           ; c:/intelfpga_lite/19.1/quartus/libraries/megafunctions/altram.inc                              ;         ;
; altdpram.inc                     ; yes             ; Megafunction                           ; c:/intelfpga_lite/19.1/quartus/libraries/megafunctions/altdpram.inc                            ;         ;
; db/altsyncram_9fa1.tdf           ; yes             ; Auto-Generated Megafunction            ; C:/Users/Mark Naguib/Documents/GitHub/lab3-group03-tuesday/exercise/syn/db/altsyncram_9fa1.tdf ;         ;
; ../rtl/tcgrom.mif                ; yes             ; Auto-Found Memory Initialization File  ; C:/Users/Mark Naguib/Documents/GitHub/lab3-group03-tuesday/exercise/rtl/tcgrom.mif             ;         ;
+----------------------------------+-----------------+----------------------------------------+------------------------------------------------------------------------------------------------+---------+


+----------------------------------------------------------------+
; Analysis & Synthesis Resource Usage Summary                    ;
+---------------------------------------------+------------------+
; Resource                                    ; Usage            ;
+---------------------------------------------+------------------+
; Estimated Total logic elements              ; 1,542            ;
;                                             ;                  ;
; Total combinational functions               ; 1385             ;
; Logic element usage by number of LUT inputs ;                  ;
;     -- 4 input functions                    ; 880              ;
;     -- 3 input functions                    ; 386              ;
;     -- <=2 input functions                  ; 119              ;
;                                             ;                  ;
; Logic elements by mode                      ;                  ;
;     -- normal mode                          ; 1343             ;
;     -- arithmetic mode                      ; 42               ;
;                                             ;                  ;
; Total registers                             ; 197              ;
;     -- Dedicated logic registers            ; 197              ;
;     -- I/O registers                        ; 0                ;
;                                             ;                  ;
; I/O pins                                    ; 50               ;
; Total memory bits                           ; 4096             ;
;                                             ;                  ;
; Embedded Multiplier 9-bit elements          ; 0                ;
;                                             ;                  ;
; Maximum fan-out node                        ; CLOCK_50_I~input ;
; Maximum fan-out                             ; 206              ;
; Total fan-out                               ; 5811             ;
; Average fan-out                             ; 3.44             ;
+---------------------------------------------+------------------+


+----------------------------------------------------------------------------------------------------------------------------------------------------------------------------------------------------------------------------------------------------------------------------------------------------------------------------------------------+
; Analysis & Synthesis Resource Utilization by Entity                                                                                                                                                                                                                                                                                          ;
+----------------------------------------------+---------------------+---------------------------+-------------+--------------+---------+-----------+------+--------------+-----------------------------------------------------------------------------------------------------------------------------------+-----------------+--------------+
; Compilation Hierarchy Node                   ; Combinational ALUTs ; Dedicated Logic Registers ; Memory Bits ; DSP Elements ; DSP 9x9 ; DSP 18x18 ; Pins ; Virtual Pins ; Full Hierarchy Name                                                                                                               ; Entity Name     ; Library Name ;
+----------------------------------------------+---------------------+---------------------------+-------------+--------------+---------+-----------+------+--------------+-----------------------------------------------------------------------------------------------------------------------------------+-----------------+--------------+
; |experiment4                                 ; 1385 (1281)         ; 197 (124)                 ; 4096        ; 0            ; 0       ; 0         ; 50   ; 0            ; |experiment4                                                                                                                      ; experiment4     ; work         ;
;    |PS2_controller:ps2_unit|                 ; 29 (29)             ; 27 (27)                   ; 0           ; 0            ; 0       ; 0         ; 0    ; 0            ; |experiment4|PS2_controller:ps2_unit                                                                                              ; PS2_controller  ; work         ;
;    |VGA_controller:VGA_unit|                 ; 71 (71)             ; 46 (46)                   ; 0           ; 0            ; 0       ; 0         ; 0    ; 0            ; |experiment4|VGA_controller:VGA_unit                                                                                              ; VGA_controller  ; work         ;
;    |char_rom:char_rom_unit|                  ; 4 (4)               ; 0 (0)                     ; 4096        ; 0            ; 0       ; 0         ; 0    ; 0            ; |experiment4|char_rom:char_rom_unit                                                                                               ; char_rom        ; work         ;
;       |char_gen_rom:char_gen_rom_inst|       ; 0 (0)               ; 0 (0)                     ; 4096        ; 0            ; 0       ; 0         ; 0    ; 0            ; |experiment4|char_rom:char_rom_unit|char_gen_rom:char_gen_rom_inst                                                                ; char_gen_rom    ; work         ;
;          |altsyncram:altsyncram_component|   ; 0 (0)               ; 0 (0)                     ; 4096        ; 0            ; 0       ; 0         ; 0    ; 0            ; |experiment4|char_rom:char_rom_unit|char_gen_rom:char_gen_rom_inst|altsyncram:altsyncram_component                                ; altsyncram      ; work         ;
;             |altsyncram_9fa1:auto_generated| ; 0 (0)               ; 0 (0)                     ; 4096        ; 0            ; 0       ; 0         ; 0    ; 0            ; |experiment4|char_rom:char_rom_unit|char_gen_rom:char_gen_rom_inst|altsyncram:altsyncram_component|altsyncram_9fa1:auto_generated ; altsyncram_9fa1 ; work         ;
+----------------------------------------------+---------------------+---------------------------+-------------+--------------+---------+-----------+------+--------------+-----------------------------------------------------------------------------------------------------------------------------------+-----------------+--------------+
Note: For table entries with two numbers listed, the numbers in parentheses indicate the number of resources of the given type used by the specific entity alone. The numbers listed outside of parentheses indicate the total resources of the given type used by the specific entity and all of its sub-entities in the hierarchy.


+--------------------------------------------------------------------------------------------------------------------------------------------------------------------------------------------------------------------------------------+
; Analysis & Synthesis RAM Summary                                                                                                                                                                                                     ;
+---------------------------------------------------------------------------------------------------------------------------------+------+------+--------------+--------------+--------------+--------------+------+-------------------+
; Name                                                                                                                            ; Type ; Mode ; Port A Depth ; Port A Width ; Port B Depth ; Port B Width ; Size ; MIF               ;
+---------------------------------------------------------------------------------------------------------------------------------+------+------+--------------+--------------+--------------+--------------+------+-------------------+
; char_rom:char_rom_unit|char_gen_rom:char_gen_rom_inst|altsyncram:altsyncram_component|altsyncram_9fa1:auto_generated|ALTSYNCRAM ; AUTO ; ROM  ; 512          ; 8            ; --           ; --           ; 4096 ; ../rtl/tcgrom.mif ;
+---------------------------------------------------------------------------------------------------------------------------------+------+------+--------------+--------------+--------------+--------------+------+-------------------+


Encoding Type:  One-Hot
+--------------------------------------------------------------------------------------------------------------------------------------+
; State Machine - |experiment4|PS2_controller:ps2_unit|PS2_state                                                                       ;
+-------------------------------+----------------------+------------------------+-------------------------------+----------------------+
; Name                          ; PS2_state.S_PS2_STOP ; PS2_state.S_PS2_PARITY ; PS2_state.S_PS2_ASSEMBLE_CODE ; PS2_state.S_PS2_IDLE ;
+-------------------------------+----------------------+------------------------+-------------------------------+----------------------+
; PS2_state.S_PS2_IDLE          ; 0                    ; 0                      ; 0                             ; 0                    ;
; PS2_state.S_PS2_ASSEMBLE_CODE ; 0                    ; 0                      ; 1                             ; 1                    ;
; PS2_state.S_PS2_PARITY        ; 0                    ; 1                      ; 0                             ; 1                    ;
; PS2_state.S_PS2_STOP          ; 1                    ; 0                      ; 0                             ; 1                    ;
+-------------------------------+----------------------+------------------------+-------------------------------+----------------------+


+------------------------------------------------------------+
; Registers Removed During Synthesis                         ;
+---------------------------------------+--------------------+
; Register name                         ; Reason for Removal ;
+---------------------------------------+--------------------+
; PS2_controller:ps2_unit|PS2_state~8   ; Lost fanout        ;
; PS2_controller:ps2_unit|PS2_state~9   ; Lost fanout        ;
; Total Number of Removed Registers = 2 ;                    ;
+---------------------------------------+--------------------+


+------------------------------------------------------+
; General Register Statistics                          ;
+----------------------------------------------+-------+
; Statistic                                    ; Value ;
+----------------------------------------------+-------+
; Total registers                              ; 197   ;
; Number of registers using Synchronous Clear  ; 20    ;
; Number of registers using Synchronous Load   ; 0     ;
; Number of registers using Asynchronous Clear ; 181   ;
; Number of registers using Asynchronous Load  ; 0     ;
; Number of registers using Clock Enable       ; 151   ;
; Number of registers using Preset             ; 0     ;
+----------------------------------------------+-------+


+---------------------------------------------------------------------------------------------------------------------------------------------------------------------+
; Multiplexer Restructuring Statistics (Restructuring Performed)                                                                                                      ;
+--------------------+-----------+---------------+----------------------+------------------------+------------+-------------------------------------------------------+
; Multiplexer Inputs ; Bus Width ; Baseline Area ; Area if Restructured ; Saving if Restructured ; Registered ; Example Multiplexer Output                            ;
+--------------------+-----------+---------------+----------------------+------------------------+------------+-------------------------------------------------------+
; 4:1                ; 8 bits    ; 16 LEs        ; 8 LEs                ; 8 LEs                  ; Yes        ; |experiment4|PS2_controller:ps2_unit|PS2_shift_reg[1] ;
; 5:1                ; 3 bits    ; 9 LEs         ; 3 LEs                ; 6 LEs                  ; Yes        ; |experiment4|PS2_controller:ps2_unit|PS2_bit_count[0] ;
; 7:1                ; 2 bits    ; 8 LEs         ; 4 LEs                ; 4 LEs                  ; No         ; |experiment4|PS2_controller:ps2_unit|PS2_state        ;
; 10:1               ; 4 bits    ; 24 LEs        ; 24 LEs               ; 0 LEs                  ; No         ; |experiment4|c[2]                                     ;
+--------------------+-----------+---------------+----------------------+------------------------+------------+-------------------------------------------------------+


+---------------------------------------------------------------------------------------------------------------------------------------------+
; Source assignments for char_rom:char_rom_unit|char_gen_rom:char_gen_rom_inst|altsyncram:altsyncram_component|altsyncram_9fa1:auto_generated ;
+---------------------------------+--------------------+------+-------------------------------------------------------------------------------+
; Assignment                      ; Value              ; From ; To                                                                            ;
+---------------------------------+--------------------+------+-------------------------------------------------------------------------------+
; OPTIMIZE_POWER_DURING_SYNTHESIS ; NORMAL_COMPILATION ; -    ; -                                                                             ;
+---------------------------------+--------------------+------+-------------------------------------------------------------------------------+


+---------------------------------------------------------------------------------+
; Parameter Settings for User Entity Instance: Top-level Entity: |experiment4     ;
+----------------------------+----------------------------------+-----------------+
; Parameter Name             ; Value                            ; Type            ;
+----------------------------+----------------------------------+-----------------+
; H_SYNC_CYC                 ; 0001111000                       ; Unsigned Binary ;
; H_SYNC_BACK                ; 0001000000                       ; Unsigned Binary ;
; H_SYNC_ACT                 ; 1100100000                       ; Unsigned Binary ;
; H_SYNC_TOTAL               ; 1111111111                       ; Unsigned Binary ;
; V_SYNC_CYC                 ; 0000000110                       ; Unsigned Binary ;
; V_SYNC_BACK                ; 0000010111                       ; Unsigned Binary ;
; V_SYNC_ACT                 ; 1001011000                       ; Unsigned Binary ;
; V_SYNC_TOTAL               ; 1010100110                       ; Unsigned Binary ;
; X_START                    ; 0010111000                       ; Unsigned Binary ;
; Y_START                    ; 0000011101                       ; Unsigned Binary ;
; PIPE_DELAY                 ; 1                                ; Signed Integer  ;
; X_DELAYED_START            ; 00000000000000000000000010111001 ; Unsigned Binary ;
; SCREEN_BORDER_OFFSET       ; 32                               ; Signed Integer  ;
; DEFAULT_MESSAGE_LINE       ; 280                              ; Signed Integer  ;
; DEFAULT_MESSAGE_START_COL  ; 360                              ; Signed Integer  ;
; KEYBOARD_MESSAGE_LINE      ; 320                              ; Signed Integer  ;
; KEYBOARD_MESSAGE_START_COL ; 360                              ; Signed Integer  ;
+----------------------------+----------------------------------+-----------------+
Note: In order to hide this table in the UI and the text report file, please set the "Show Parameter Settings in Synthesis Report" option in "Analysis and Synthesis Settings -> More Settings" to "Off".


+----------------------------------------------------------------------+
; Parameter Settings for User Entity Instance: VGA_controller:VGA_unit ;
+-----------------+----------------------------------+-----------------+
; Parameter Name  ; Value                            ; Type            ;
+-----------------+----------------------------------+-----------------+
; H_SYNC_CYC      ; 0001111000                       ; Unsigned Binary ;
; H_SYNC_BACK     ; 0001000000                       ; Unsigned Binary ;
; H_SYNC_ACT      ; 1100100000                       ; Unsigned Binary ;
; H_SYNC_TOTAL    ; 1111111111                       ; Unsigned Binary ;
; V_SYNC_CYC      ; 0000000110                       ; Unsigned Binary ;
; V_SYNC_BACK     ; 0000010111                       ; Unsigned Binary ;
; V_SYNC_ACT      ; 1001011000                       ; Unsigned Binary ;
; V_SYNC_TOTAL    ; 1010100110                       ; Unsigned Binary ;
; X_START         ; 0010111000                       ; Unsigned Binary ;
; Y_START         ; 0000011101                       ; Unsigned Binary ;
; PIPE_DELAY      ; 1                                ; Signed Integer  ;
; X_DELAYED_START ; 00000000000000000000000010111001 ; Unsigned Binary ;
+-----------------+----------------------------------+-----------------+
Note: In order to hide this table in the UI and the text report file, please set the "Show Parameter Settings in Synthesis Report" option in "Analysis and Synthesis Settings -> More Settings" to "Off".


+------------------------------------------------------------------------------------------------------------------------------------+
; Parameter Settings for User Entity Instance: char_rom:char_rom_unit|char_gen_rom:char_gen_rom_inst|altsyncram:altsyncram_component ;
+------------------------------------+----------------------+------------------------------------------------------------------------+
; Parameter Name                     ; Value                ; Type                                                                   ;
+------------------------------------+----------------------+------------------------------------------------------------------------+
; BYTE_SIZE_BLOCK                    ; 8                    ; Untyped                                                                ;
; AUTO_CARRY_CHAINS                  ; ON                   ; AUTO_CARRY                                                             ;
; IGNORE_CARRY_BUFFERS               ; OFF                  ; IGNORE_CARRY                                                           ;
; AUTO_CASCADE_CHAINS                ; ON                   ; AUTO_CASCADE                                                           ;
; IGNORE_CASCADE_BUFFERS             ; OFF                  ; IGNORE_CASCADE                                                         ;
; WIDTH_BYTEENA                      ; 1                    ; Untyped                                                                ;
; OPERATION_MODE                     ; ROM                  ; Untyped                                                                ;
; WIDTH_A                            ; 8                    ; Signed Integer                                                         ;
; WIDTHAD_A                          ; 9                    ; Signed Integer                                                         ;
; NUMWORDS_A                         ; 512                  ; Signed Integer                                                         ;
; OUTDATA_REG_A                      ; UNREGISTERED         ; Untyped                                                                ;
; ADDRESS_ACLR_A                     ; NONE                 ; Untyped                                                                ;
; OUTDATA_ACLR_A                     ; NONE                 ; Untyped                                                                ;
; WRCONTROL_ACLR_A                   ; NONE                 ; Untyped                                                                ;
; INDATA_ACLR_A                      ; NONE                 ; Untyped                                                                ;
; BYTEENA_ACLR_A                     ; NONE                 ; Untyped                                                                ;
; WIDTH_B                            ; 1                    ; Untyped                                                                ;
; WIDTHAD_B                          ; 1                    ; Untyped                                                                ;
; NUMWORDS_B                         ; 1                    ; Untyped                                                                ;
; INDATA_REG_B                       ; CLOCK1               ; Untyped                                                                ;
; WRCONTROL_WRADDRESS_REG_B          ; CLOCK1               ; Untyped                                                                ;
; RDCONTROL_REG_B                    ; CLOCK1               ; Untyped                                                                ;
; ADDRESS_REG_B                      ; CLOCK1               ; Untyped                                                                ;
; OUTDATA_REG_B                      ; UNREGISTERED         ; Untyped                                                                ;
; BYTEENA_REG_B                      ; CLOCK1               ; Untyped                                                                ;
; INDATA_ACLR_B                      ; NONE                 ; Untyped                                                                ;
; WRCONTROL_ACLR_B                   ; NONE                 ; Untyped                                                                ;
; ADDRESS_ACLR_B                     ; NONE                 ; Untyped                                                                ;
; OUTDATA_ACLR_B                     ; NONE                 ; Untyped                                                                ;
; RDCONTROL_ACLR_B                   ; NONE                 ; Untyped                                                                ;
; BYTEENA_ACLR_B                     ; NONE                 ; Untyped                                                                ;
; WIDTH_BYTEENA_A                    ; 1                    ; Signed Integer                                                         ;
; WIDTH_BYTEENA_B                    ; 1                    ; Untyped                                                                ;
; RAM_BLOCK_TYPE                     ; AUTO                 ; Untyped                                                                ;
; BYTE_SIZE                          ; 8                    ; Untyped                                                                ;
; READ_DURING_WRITE_MODE_MIXED_PORTS ; DONT_CARE            ; Untyped                                                                ;
; READ_DURING_WRITE_MODE_PORT_A      ; NEW_DATA_NO_NBE_READ ; Untyped                                                                ;
; READ_DURING_WRITE_MODE_PORT_B      ; NEW_DATA_NO_NBE_READ ; Untyped                                                                ;
; INIT_FILE                          ; ../rtl/tcgrom.mif    ; Untyped                                                                ;
; INIT_FILE_LAYOUT                   ; PORT_A               ; Untyped                                                                ;
; MAXIMUM_DEPTH                      ; 0                    ; Untyped                                                                ;
; CLOCK_ENABLE_INPUT_A               ; BYPASS               ; Untyped                                                                ;
; CLOCK_ENABLE_INPUT_B               ; NORMAL               ; Untyped                                                                ;
; CLOCK_ENABLE_OUTPUT_A              ; BYPASS               ; Untyped                                                                ;
; CLOCK_ENABLE_OUTPUT_B              ; NORMAL               ; Untyped                                                                ;
; CLOCK_ENABLE_CORE_A                ; USE_INPUT_CLKEN      ; Untyped                                                                ;
; CLOCK_ENABLE_CORE_B                ; USE_INPUT_CLKEN      ; Untyped                                                                ;
; ENABLE_ECC                         ; FALSE                ; Untyped                                                                ;
; ECC_PIPELINE_STAGE_ENABLED         ; FALSE                ; Untyped                                                                ;
; WIDTH_ECCSTATUS                    ; 3                    ; Untyped                                                                ;
; DEVICE_FAMILY                      ; Cyclone IV E         ; Untyped                                                                ;
; CBXI_PARAMETER                     ; altsyncram_9fa1      ; Untyped                                                                ;
+------------------------------------+----------------------+------------------------------------------------------------------------+
Note: In order to hide this table in the UI and the text report file, please set the "Show Parameter Settings in Synthesis Report" option in "Analysis and Synthesis Settings -> More Settings" to "Off".


+-----------------------------------------------------------------------------------------------------------------------------------+
; altsyncram Parameter Settings by Entity Instance                                                                                  ;
+-------------------------------------------+---------------------------------------------------------------------------------------+
; Name                                      ; Value                                                                                 ;
+-------------------------------------------+---------------------------------------------------------------------------------------+
; Number of entity instances                ; 1                                                                                     ;
; Entity Instance                           ; char_rom:char_rom_unit|char_gen_rom:char_gen_rom_inst|altsyncram:altsyncram_component ;
;     -- OPERATION_MODE                     ; ROM                                                                                   ;
;     -- WIDTH_A                            ; 8                                                                                     ;
;     -- NUMWORDS_A                         ; 512                                                                                   ;
;     -- OUTDATA_REG_A                      ; UNREGISTERED                                                                          ;
;     -- WIDTH_B                            ; 1                                                                                     ;
;     -- NUMWORDS_B                         ; 1                                                                                     ;
;     -- ADDRESS_REG_B                      ; CLOCK1                                                                                ;
;     -- OUTDATA_REG_B                      ; UNREGISTERED                                                                          ;
;     -- RAM_BLOCK_TYPE                     ; AUTO                                                                                  ;
;     -- READ_DURING_WRITE_MODE_MIXED_PORTS ; DONT_CARE                                                                             ;
+-------------------------------------------+---------------------------------------------------------------------------------------+


+-----------------------------------------------------+
; Port Connectivity Checks: "VGA_controller:VGA_unit" ;
+--------+-------+----------+-------------------------+
; Port   ; Type  ; Severity ; Details                 ;
+--------+-------+----------+-------------------------+
; enable ; Input ; Info     ; Stuck at VCC            ;
+--------+-------+----------+-------------------------+


+-----------------------------------------------------+
; Post-Synthesis Netlist Statistics for Top Partition ;
+-----------------------+-----------------------------+
; Type                  ; Count                       ;
+-----------------------+-----------------------------+
; boundary_port         ; 50                          ;
; cycloneiii_ff         ; 197                         ;
;     CLR               ; 36                          ;
;     CLR SCLR          ; 10                          ;
;     ENA               ; 16                          ;
;     ENA CLR           ; 125                         ;
;     ENA CLR SCLR      ; 10                          ;
; cycloneiii_lcell_comb ; 1387                        ;
;     arith             ; 42                          ;
;         2 data inputs ; 34                          ;
;         3 data inputs ; 8                           ;
;     normal            ; 1345                        ;
;         0 data inputs ; 3                           ;
;         1 data inputs ; 6                           ;
;         2 data inputs ; 78                          ;
;         3 data inputs ; 378                         ;
;         4 data inputs ; 880                         ;
; cycloneiii_ram_block  ; 8                           ;
;                       ;                             ;
; Max LUT depth         ; 30.00                       ;
; Average LUT depth     ; 19.97                       ;
+-----------------------+-----------------------------+


+-------------------------------+
; Elapsed Time Per Partition    ;
+----------------+--------------+
; Partition Name ; Elapsed Time ;
+----------------+--------------+
; Top            ; 00:00:06     ;
+----------------+--------------+


+-------------------------------+
; Analysis & Synthesis Messages ;
+-------------------------------+
Info: *******************************************************************
Info: Running Quartus Prime Analysis & Synthesis
    Info: Version 19.1.0 Build 670 09/22/2019 SJ Lite Edition
    Info: Processing started: Sat Oct 03 10:34:20 2020
Info: Command: quartus_map --read_settings_files=on --write_settings_files=off experiment4 -c experiment4
Info (20030): Parallel compilation is enabled and will use 4 of the 4 processors detected
Info (12021): Found 1 design units, including 1 entities, in source file /users/mark naguib/documents/github/lab3-group03-tuesday/exercise/rtl/ps2_controller.sv
    Info (12023): Found entity 1: PS2_controller File: C:/Users/Mark Naguib/Documents/GitHub/lab3-group03-tuesday/exercise/rtl/PS2_controller.sv Line: 15
Info (12021): Found 1 design units, including 1 entities, in source file /users/mark naguib/documents/github/lab3-group03-tuesday/exercise/rtl/char_rom.sv
    Info (12023): Found entity 1: char_rom File: C:/Users/Mark Naguib/Documents/GitHub/lab3-group03-tuesday/exercise/rtl/char_rom.sv Line: 13
Info (12021): Found 1 design units, including 1 entities, in source file /users/mark naguib/documents/github/lab3-group03-tuesday/exercise/rtl/char_gen_rom.v
    Info (12023): Found entity 1: char_gen_rom File: C:/Users/Mark Naguib/Documents/GitHub/lab3-group03-tuesday/exercise/rtl/char_gen_rom.v Line: 40
Info (12021): Found 1 design units, including 1 entities, in source file /users/mark naguib/documents/github/lab3-group03-tuesday/exercise/rtl/vga_controller.sv
    Info (12023): Found entity 1: VGA_controller File: C:/Users/Mark Naguib/Documents/GitHub/lab3-group03-tuesday/exercise/rtl/VGA_controller.sv Line: 14
Info (12021): Found 1 design units, including 1 entities, in source file /users/mark naguib/documents/github/lab3-group03-tuesday/exercise/rtl/experiment4.sv
    Info (12023): Found entity 1: experiment4 File: C:/Users/Mark Naguib/Documents/GitHub/lab3-group03-tuesday/exercise/rtl/experiment4.sv Line: 13
Info (12127): Elaborating entity "experiment4" for the top level hierarchy
Info (12128): Elaborating entity "PS2_controller" for hierarchy "PS2_controller:ps2_unit" File: C:/Users/Mark Naguib/Documents/GitHub/lab3-group03-tuesday/exercise/rtl/experiment4.sv Line: 75
Warning (10036): Verilog HDL or VHDL warning at PS2_controller.sv(37): object "PS2_parity" assigned a value but never read File: C:/Users/Mark Naguib/Documents/GitHub/lab3-group03-tuesday/exercise/rtl/PS2_controller.sv Line: 37
Info (12128): Elaborating entity "VGA_controller" for hierarchy "VGA_controller:VGA_unit" File: C:/Users/Mark Naguib/Documents/GitHub/lab3-group03-tuesday/exercise/rtl/experiment4.sv Line: 142
Info (12128): Elaborating entity "char_rom" for hierarchy "char_rom:char_rom_unit" File: C:/Users/Mark Naguib/Documents/GitHub/lab3-group03-tuesday/exercise/rtl/experiment4.sv Line: 161
Info (12128): Elaborating entity "char_gen_rom" for hierarchy "char_rom:char_rom_unit|char_gen_rom:char_gen_rom_inst" File: C:/Users/Mark Naguib/Documents/GitHub/lab3-group03-tuesday/exercise/rtl/char_rom.sv Line: 28
Info (12128): Elaborating entity "altsyncram" for hierarchy "char_rom:char_rom_unit|char_gen_rom:char_gen_rom_inst|altsyncram:altsyncram_component" File: C:/Users/Mark Naguib/Documents/GitHub/lab3-group03-tuesday/exercise/rtl/char_gen_rom.v Line: 82
Info (12130): Elaborated megafunction instantiation "char_rom:char_rom_unit|char_gen_rom:char_gen_rom_inst|altsyncram:altsyncram_component" File: C:/Users/Mark Naguib/Documents/GitHub/lab3-group03-tuesday/exercise/rtl/char_gen_rom.v Line: 82
Info (12133): Instantiated megafunction "char_rom:char_rom_unit|char_gen_rom:char_gen_rom_inst|altsyncram:altsyncram_component" with the following parameter: File: C:/Users/Mark Naguib/Documents/GitHub/lab3-group03-tuesday/exercise/rtl/char_gen_rom.v Line: 82
    Info (12134): Parameter "address_aclr_a" = "NONE"
    Info (12134): Parameter "clock_enable_input_a" = "BYPASS"
    Info (12134): Parameter "clock_enable_output_a" = "BYPASS"
    Info (12134): Parameter "init_file" = "../rtl/tcgrom.mif"
    Info (12134): Parameter "intended_device_family" = "Cyclone IV E"
    Info (12134): Parameter "lpm_hint" = "ENABLE_RUNTIME_MOD=NO"
    Info (12134): Parameter "lpm_type" = "altsyncram"
    Info (12134): Parameter "numwords_a" = "512"
    Info (12134): Parameter "operation_mode" = "ROM"
    Info (12134): Parameter "outdata_aclr_a" = "NONE"
    Info (12134): Parameter "outdata_reg_a" = "UNREGISTERED"
    Info (12134): Parameter "widthad_a" = "9"
    Info (12134): Parameter "width_a" = "8"
    Info (12134): Parameter "width_byteena_a" = "1"
Info (12021): Found 1 design units, including 1 entities, in source file db/altsyncram_9fa1.tdf
    Info (12023): Found entity 1: altsyncram_9fa1 File: C:/Users/Mark Naguib/Documents/GitHub/lab3-group03-tuesday/exercise/syn/db/altsyncram_9fa1.tdf Line: 28
Info (12128): Elaborating entity "altsyncram_9fa1" for hierarchy "char_rom:char_rom_unit|char_gen_rom:char_gen_rom_inst|altsyncram:altsyncram_component|altsyncram_9fa1:auto_generated" File: c:/intelfpga_lite/19.1/quartus/libraries/megafunctions/altsyncram.tdf Line: 792
Warning (13024): Output pins are stuck at VCC or GND
    Warning (13410): Pin "VGA_SYNC_O" is stuck at GND File: C:/Users/Mark Naguib/Documents/GitHub/lab3-group03-tuesday/exercise/rtl/experiment4.sv Line: 25
Info (286030): Timing-Driven Synthesis is running
Info (17049): 2 registers lost all their fanouts during netlist optimizations.
Info (16010): Generating hard_block partition "hard_block:auto_generated_inst"
    Info (16011): Adding 0 node(s), including 0 DDIO, 0 PLL, 0 transceiver and 0 LCELL
Warning (21074): Design contains 17 input pin(s) that do not drive logic
    Warning (15610): No output dependent on input pin "SWITCH_I[0]" File: C:/Users/Mark Naguib/Documents/GitHub/lab3-group03-tuesday/exercise/rtl/experiment4.sv Line: 18
    Warning (15610): No output dependent on input pin "SWITCH_I[1]" File: C:/Users/Mark Naguib/Documents/GitHub/lab3-group03-tuesday/exercise/rtl/experiment4.sv Line: 18
    Warning (15610): No output dependent on input pin "SWITCH_I[2]" File: C:/Users/Mark Naguib/Documents/GitHub/lab3-group03-tuesday/exercise/rtl/experiment4.sv Line: 18
    Warning (15610): No output dependent on input pin "SWITCH_I[3]" File: C:/Users/Mark Naguib/Documents/GitHub/lab3-group03-tuesday/exercise/rtl/experiment4.sv Line: 18
    Warning (15610): No output dependent on input pin "SWITCH_I[4]" File: C:/Users/Mark Naguib/Documents/GitHub/lab3-group03-tuesday/exercise/rtl/experiment4.sv Line: 18
    Warning (15610): No output dependent on input pin "SWITCH_I[5]" File: C:/Users/Mark Naguib/Documents/GitHub/lab3-group03-tuesday/exercise/rtl/experiment4.sv Line: 18
    Warning (15610): No output dependent on input pin "SWITCH_I[6]" File: C:/Users/Mark Naguib/Documents/GitHub/lab3-group03-tuesday/exercise/rtl/experiment4.sv Line: 18
    Warning (15610): No output dependent on input pin "SWITCH_I[7]" File: C:/Users/Mark Naguib/Documents/GitHub/lab3-group03-tuesday/exercise/rtl/experiment4.sv Line: 18
    Warning (15610): No output dependent on input pin "SWITCH_I[8]" File: C:/Users/Mark Naguib/Documents/GitHub/lab3-group03-tuesday/exercise/rtl/experiment4.sv Line: 18
    Warning (15610): No output dependent on input pin "SWITCH_I[9]" File: C:/Users/Mark Naguib/Documents/GitHub/lab3-group03-tuesday/exercise/rtl/experiment4.sv Line: 18
    Warning (15610): No output dependent on input pin "SWITCH_I[10]" File: C:/Users/Mark Naguib/Documents/GitHub/lab3-group03-tuesday/exercise/rtl/experiment4.sv Line: 18
    Warning (15610): No output dependent on input pin "SWITCH_I[11]" File: C:/Users/Mark Naguib/Documents/GitHub/lab3-group03-tuesday/exercise/rtl/experiment4.sv Line: 18
    Warning (15610): No output dependent on input pin "SWITCH_I[12]" File: C:/Users/Mark Naguib/Documents/GitHub/lab3-group03-tuesday/exercise/rtl/experiment4.sv Line: 18
    Warning (15610): No output dependent on input pin "SWITCH_I[13]" File: C:/Users/Mark Naguib/Documents/GitHub/lab3-group03-tuesday/exercise/rtl/experiment4.sv Line: 18
    Warning (15610): No output dependent on input pin "SWITCH_I[14]" File: C:/Users/Mark Naguib/Documents/GitHub/lab3-group03-tuesday/exercise/rtl/experiment4.sv Line: 18
    Warning (15610): No output dependent on input pin "SWITCH_I[15]" File: C:/Users/Mark Naguib/Documents/GitHub/lab3-group03-tuesday/exercise/rtl/experiment4.sv Line: 18
    Warning (15610): No output dependent on input pin "SWITCH_I[16]" File: C:/Users/Mark Naguib/Documents/GitHub/lab3-group03-tuesday/exercise/rtl/experiment4.sv Line: 18
Info (21057): Implemented 1603 device resources after synthesis - the final resource count might be different
    Info (21058): Implemented 21 input pins
    Info (21059): Implemented 29 output pins
    Info (21061): Implemented 1545 logic cells
    Info (21064): Implemented 8 RAM segments
Info: Quartus Prime Analysis & Synthesis was successful. 0 errors, 21 warnings
    Info: Peak virtual memory: 4795 megabytes
    Info: Processing ended: Sat Oct 03 10:34:39 2020
    Info: Elapsed time: 00:00:19
    Info: Total CPU time (on all processors): 00:00:33


